{"C:\\Users\\mafam\\Desktop\\bot\\bot\\src\\core\\utils.ts": {"path":"C:\\Users\\mafam\\Desktop\\bot\\bot\\src\\core\\utils.ts","statementMap":{"0":{"start":{"line":3,"column":0},"end":{"line":3,"column":16}},"1":{"start":{"line":4,"column":2},"end":{"line":35,"column":9}},"2":{"start":{"line":18,"column":8},"end":{"line":18,"column":14}},"3":{"start":{"line":20,"column":27},"end":{"line":33,"column":6}},"4":{"start":{"line":34,"column":4},"end":{"line":34,"column":31}}},"fnMap":{"0":{"name":"convertStringToNumbers","decl":{"start":{"line":3,"column":16},"end":{"line":3,"column":38}},"loc":{"start":{"line":3,"column":58},"end":{"line":36,"column":1}}},"1":{"name":"(anonymous_1)","decl":{"start":{"line":4,"column":24},"end":{"line":4,"column":25}},"loc":{"start":{"line":4,"column":63},"end":{"line":35,"column":3}}}},"branchMap":{},"s":{"0":1,"1":2,"2":1,"3":1,"4":1},"f":{"0":2,"1":1},"b":{}}
,"C:\\Users\\mafam\\Desktop\\bot\\bot\\src\\models\\operation.enum.ts": {"path":"C:\\Users\\mafam\\Desktop\\bot\\bot\\src\\models\\operation.enum.ts","statementMap":{"0":{"start":{"line":1,"column":13},"end":{"line":4,"column":2}}},"fnMap":{},"branchMap":{},"s":{"0":1},"f":{},"b":{}}
,"C:\\Users\\mafam\\Desktop\\bot\\bot\\src\\services\\binance-api.service.ts": {"path":"C:\\Users\\mafam\\Desktop\\bot\\bot\\src\\services\\binance-api.service.ts","statementMap":{"0":{"start":{"line":1,"column":0},"end":{"line":1,"column":33}},"1":{"start":{"line":2,"column":0},"end":{"line":2,"column":39}},"2":{"start":{"line":4,"column":0},"end":{"line":4,"column":16}},"3":{"start":{"line":18,"column":4},"end":{"line":18,"column":53}},"4":{"start":{"line":33,"column":4},"end":{"line":35,"column":5}},"5":{"start":{"line":34,"column":6},"end":{"line":34,"column":68}},"6":{"start":{"line":36,"column":4},"end":{"line":36,"column":65}},"7":{"start":{"line":50,"column":4},"end":{"line":52,"column":5}},"8":{"start":{"line":51,"column":6},"end":{"line":51,"column":69}},"9":{"start":{"line":53,"column":4},"end":{"line":53,"column":66}},"10":{"start":{"line":61,"column":4},"end":{"line":61,"column":62}},"11":{"start":{"line":65,"column":4},"end":{"line":65,"column":56}},"12":{"start":{"line":72,"column":4},"end":{"line":72,"column":61}},"13":{"start":{"line":89,"column":25},"end":{"line":89,"column":69}},"14":{"start":{"line":90,"column":4},"end":{"line":94,"column":5}},"15":{"start":{"line":91,"column":6},"end":{"line":91,"column":61}},"16":{"start":{"line":93,"column":6},"end":{"line":93,"column":42}},"17":{"start":{"line":95,"column":4},"end":{"line":95,"column":17}},"18":{"start":{"line":6,"column":0},"end":{"line":6,"column":13}},"19":{"start":{"line":7,"column":17},"end":{"line":11,"column":5}}},"fnMap":{"0":{"name":"(anonymous_10)","decl":{"start":{"line":17,"column":9},"end":{"line":17,"column":15}},"loc":{"start":{"line":17,"column":32},"end":{"line":19,"column":3}}},"1":{"name":"(anonymous_11)","decl":{"start":{"line":28,"column":9},"end":{"line":28,"column":15}},"loc":{"start":{"line":31,"column":18},"end":{"line":37,"column":3}}},"2":{"name":"(anonymous_12)","decl":{"start":{"line":45,"column":9},"end":{"line":45,"column":15}},"loc":{"start":{"line":48,"column":18},"end":{"line":54,"column":3}}},"3":{"name":"(anonymous_13)","decl":{"start":{"line":60,"column":9},"end":{"line":60,"column":15}},"loc":{"start":{"line":60,"column":51},"end":{"line":62,"column":3}}},"4":{"name":"(anonymous_14)","decl":{"start":{"line":64,"column":9},"end":{"line":64,"column":15}},"loc":{"start":{"line":64,"column":51},"end":{"line":66,"column":3}}},"5":{"name":"(anonymous_15)","decl":{"start":{"line":68,"column":9},"end":{"line":68,"column":15}},"loc":{"start":{"line":70,"column":28},"end":{"line":73,"column":3}}},"6":{"name":"(anonymous_16)","decl":{"start":{"line":84,"column":9},"end":{"line":84,"column":15}},"loc":{"start":{"line":87,"column":19},"end":{"line":96,"column":3}}}},"branchMap":{"0":{"loc":{"start":{"line":33,"column":4},"end":{"line":35,"column":5}},"type":"if","locations":[{"start":{"line":33,"column":4},"end":{"line":35,"column":5}}]},"1":{"loc":{"start":{"line":50,"column":4},"end":{"line":52,"column":5}},"type":"if","locations":[{"start":{"line":50,"column":4},"end":{"line":52,"column":5}}]},"2":{"loc":{"start":{"line":90,"column":4},"end":{"line":94,"column":5}},"type":"if","locations":[{"start":{"line":90,"column":4},"end":{"line":94,"column":5}},{"start":{"line":92,"column":11},"end":{"line":94,"column":5}}]}},"s":{"0":1,"1":1,"2":1,"3":1,"4":3,"5":1,"6":2,"7":3,"8":2,"9":1,"10":1,"11":1,"12":1,"13":2,"14":2,"15":1,"16":1,"17":1,"18":1,"19":1},"f":{"0":1,"1":3,"2":3,"3":1,"4":1,"5":1,"6":2},"b":{"0":[1],"1":[2],"2":[1,1]}}
,"C:\\Users\\mafam\\Desktop\\bot\\bot\\src\\strategies\\supertrend\\supertrend-strategy.ts": {"path":"C:\\Users\\mafam\\Desktop\\bot\\bot\\src\\strategies\\supertrend\\supertrend-strategy.ts","statementMap":{"0":{"start":{"line":2,"column":0},"end":{"line":2,"column":56}},"1":{"start":{"line":7,"column":23},"end":{"line":7,"column":50}},"2":{"start":{"line":8,"column":27},"end":{"line":8,"column":54}},"3":{"start":{"line":10,"column":27},"end":{"line":10,"column":62}},"4":{"start":{"line":11,"column":31},"end":{"line":11,"column":66}},"5":{"start":{"line":13,"column":4},"end":{"line":23,"column":5}},"6":{"start":{"line":17,"column":6},"end":{"line":17,"column":27}},"7":{"start":{"line":18,"column":11},"end":{"line":23,"column":5}},"8":{"start":{"line":22,"column":6},"end":{"line":22,"column":28}},"9":{"start":{"line":24,"column":4},"end":{"line":24,"column":14}},"10":{"start":{"line":5,"column":0},"end":{"line":5,"column":13}}},"fnMap":{"0":{"name":"(anonymous_0)","decl":{"start":{"line":6,"column":2},"end":{"line":6,"column":9}},"loc":{"start":{"line":6,"column":50},"end":{"line":25,"column":3}}}},"branchMap":{"0":{"loc":{"start":{"line":13,"column":4},"end":{"line":23,"column":5}},"type":"if","locations":[{"start":{"line":13,"column":4},"end":{"line":23,"column":5}},{"start":{"line":18,"column":11},"end":{"line":23,"column":5}}]},"1":{"loc":{"start":{"line":14,"column":6},"end":{"line":15,"column":39}},"type":"binary-expr","locations":[{"start":{"line":14,"column":6},"end":{"line":14,"column":47}},{"start":{"line":15,"column":6},"end":{"line":15,"column":39}}]},"2":{"loc":{"start":{"line":18,"column":11},"end":{"line":23,"column":5}},"type":"if","locations":[{"start":{"line":18,"column":11},"end":{"line":23,"column":5}}]},"3":{"loc":{"start":{"line":19,"column":6},"end":{"line":20,"column":39}},"type":"binary-expr","locations":[{"start":{"line":19,"column":6},"end":{"line":19,"column":47}},{"start":{"line":20,"column":6},"end":{"line":20,"column":39}}]}},"s":{"0":1,"1":4,"2":4,"3":4,"4":4,"5":4,"6":1,"7":3,"8":1,"9":2,"10":1},"f":{"0":4},"b":{"0":[1,3],"1":[4,2],"2":[1],"3":[3,2]}}
}
