{"D:\\WORK\\bot\\bot\\apps\\trading-bot\\src\\app.ts": {"path":"D:\\WORK\\bot\\bot\\apps\\trading-bot\\src\\app.ts","statementMap":{"0":{"start":{"line":1,"column":0},"end":{"line":1,"column":32}},"1":{"start":{"line":2,"column":0},"end":{"line":2,"column":null}},"2":{"start":{"line":9,"column":0},"end":{"line":9,"column":52}},"3":{"start":{"line":10,"column":0},"end":{"line":10,"column":70}},"4":{"start":{"line":11,"column":0},"end":{"line":11,"column":65}},"5":{"start":{"line":12,"column":0},"end":{"line":12,"column":67}},"6":{"start":{"line":13,"column":0},"end":{"line":13,"column":52}},"7":{"start":{"line":14,"column":0},"end":{"line":14,"column":58}},"8":{"start":{"line":15,"column":0},"end":{"line":15,"column":56}},"9":{"start":{"line":16,"column":0},"end":{"line":16,"column":74}},"10":{"start":{"line":17,"column":0},"end":{"line":17,"column":64}},"11":{"start":{"line":19,"column":0},"end":{"line":19,"column":9}},"12":{"start":{"line":21,"column":17},"end":{"line":21,"column":55}},"13":{"start":{"line":22,"column":24},"end":{"line":22,"column":66}},"14":{"start":{"line":33,"column":39},"end":{"line":33,"column":43}},"15":{"start":{"line":35,"column":28},"end":{"line":35,"column":32}},"16":{"start":{"line":43,"column":2},"end":{"line":153,"column":3}},"17":{"start":{"line":44,"column":22},"end":{"line":44,"column":32}},"18":{"start":{"line":45,"column":32},"end":{"line":45,"column":56}},"19":{"start":{"line":46,"column":25},"end":{"line":46,"column":82}},"20":{"start":{"line":49,"column":27},"end":{"line":49,"column":79}},"21":{"start":{"line":50,"column":30},"end":{"line":50,"column":44}},"22":{"start":{"line":51,"column":34},"end":{"line":51,"column":56}},"23":{"start":{"line":53,"column":25},"end":{"line":62,"column":6}},"24":{"start":{"line":65,"column":20},"end":{"line":65,"column":51}},"25":{"start":{"line":66,"column":4},"end":{"line":83,"column":5}},"26":{"start":{"line":67,"column":29},"end":{"line":67,"column":93}},"27":{"start":{"line":68,"column":6},"end":{"line":70,"column":8}},"28":{"start":{"line":72,"column":6},"end":{"line":78,"column":7}},"29":{"start":{"line":73,"column":8},"end":{"line":77,"column":9}},"30":{"start":{"line":74,"column":10},"end":{"line":74,"column":67}},"31":{"start":{"line":76,"column":10},"end":{"line":76,"column":69}},"32":{"start":{"line":80,"column":6},"end":{"line":82,"column":8}},"33":{"start":{"line":86,"column":4},"end":{"line":149,"column":5}},"34":{"start":{"line":87,"column":23},"end":{"line":87,"column":40}},"35":{"start":{"line":88,"column":30},"end":{"line":88,"column":74}},"36":{"start":{"line":90,"column":6},"end":{"line":148,"column":7}},"37":{"start":{"line":91,"column":8},"end":{"line":93,"column":10}},"38":{"start":{"line":95,"column":8},"end":{"line":141,"column":9}},"39":{"start":{"line":97,"column":24},"end":{"line":97,"column":60}},"40":{"start":{"line":99,"column":10},"end":{"line":138,"column":11}},"41":{"start":{"line":101,"column":30},"end":{"line":101,"column":31}},"42":{"start":{"line":102,"column":12},"end":{"line":106,"column":13}},"43":{"start":{"line":103,"column":14},"end":{"line":105,"column":36}},"44":{"start":{"line":109,"column":12},"end":{"line":113,"column":13}},"45":{"start":{"line":110,"column":30},"end":{"line":110,"column":66}},"46":{"start":{"line":111,"column":35},"end":{"line":111,"column":49}},"47":{"start":{"line":112,"column":14},"end":{"line":112,"column":111}},"48":{"start":{"line":116,"column":32},"end":{"line":116,"column":44}},"49":{"start":{"line":117,"column":12},"end":{"line":121,"column":13}},"50":{"start":{"line":118,"column":14},"end":{"line":118,"column":90}},"51":{"start":{"line":119,"column":19},"end":{"line":121,"column":13}},"52":{"start":{"line":120,"column":14},"end":{"line":120,"column":54}},"53":{"start":{"line":124,"column":12},"end":{"line":130,"column":14}},"54":{"start":{"line":132,"column":33},"end":{"line":132,"column":79}},"55":{"start":{"line":133,"column":12},"end":{"line":135,"column":14}},"56":{"start":{"line":140,"column":10},"end":{"line":140,"column":79}},"57":{"start":{"line":142,"column":13},"end":{"line":148,"column":7}},"58":{"start":{"line":144,"column":23},"end":{"line":144,"column":82}},"59":{"start":{"line":145,"column":8},"end":{"line":147,"column":10}},"60":{"start":{"line":151,"column":4},"end":{"line":151,"column":70}},"61":{"start":{"line":152,"column":4},"end":{"line":152,"column":16}},"62":{"start":{"line":165,"column":2},"end":{"line":167,"column":3}},"63":{"start":{"line":166,"column":4},"end":{"line":166,"column":11}},"64":{"start":{"line":169,"column":2},"end":{"line":286,"column":3}},"65":{"start":{"line":170,"column":20},"end":{"line":170,"column":51}},"66":{"start":{"line":173,"column":24},"end":{"line":173,"column":68}},"67":{"start":{"line":176,"column":20},"end":{"line":176,"column":56}},"68":{"start":{"line":177,"column":25},"end":{"line":177,"column":39}},"69":{"start":{"line":178,"column":28},"end":{"line":178,"column":96}},"70":{"start":{"line":181,"column":4},"end":{"line":187,"column":5}},"71":{"start":{"line":182,"column":6},"end":{"line":184,"column":8}},"72":{"start":{"line":185,"column":6},"end":{"line":185,"column":29}},"73":{"start":{"line":186,"column":6},"end":{"line":186,"column":13}},"74":{"start":{"line":190,"column":26},"end":{"line":190,"column":55}},"75":{"start":{"line":191,"column":31},"end":{"line":191,"column":34}},"76":{"start":{"line":192,"column":4},"end":{"line":198,"column":5}},"77":{"start":{"line":193,"column":6},"end":{"line":195,"column":8}},"78":{"start":{"line":196,"column":6},"end":{"line":196,"column":29}},"79":{"start":{"line":197,"column":6},"end":{"line":197,"column":13}},"80":{"start":{"line":201,"column":23},"end":{"line":201,"column":102}},"81":{"start":{"line":202,"column":20},"end":{"line":202,"column":46}},"82":{"start":{"line":205,"column":23},"end":{"line":205,"column":66}},"83":{"start":{"line":206,"column":18},"end":{"line":207,"column":null}},"84":{"start":{"line":207,"column":6},"end":{"line":207,"column":68}},"85":{"start":{"line":211,"column":4},"end":{"line":224,"column":5}},"86":{"start":{"line":212,"column":22},"end":{"line":212,"column":66}},"87":{"start":{"line":213,"column":6},"end":{"line":223,"column":7}},"88":{"start":{"line":214,"column":8},"end":{"line":214,"column":88}},"89":{"start":{"line":215,"column":8},"end":{"line":217,"column":10}},"90":{"start":{"line":218,"column":8},"end":{"line":218,"column":43}},"91":{"start":{"line":220,"column":8},"end":{"line":222,"column":10}},"92":{"start":{"line":227,"column":4},"end":{"line":257,"column":5}},"93":{"start":{"line":228,"column":27},"end":{"line":228,"column":91}},"94":{"start":{"line":231,"column":6},"end":{"line":251,"column":7}},"95":{"start":{"line":232,"column":28},"end":{"line":232,"column":67}},"96":{"start":{"line":235,"column":8},"end":{"line":245,"column":9}},"97":{"start":{"line":236,"column":29},"end":{"line":236,"column":104}},"98":{"start":{"line":238,"column":10},"end":{"line":240,"column":12}},"99":{"start":{"line":242,"column":28},"end":{"line":242,"column":63}},"100":{"start":{"line":243,"column":10},"end":{"line":243,"column":101}},"101":{"start":{"line":244,"column":10},"end":{"line":244,"column":49}},"102":{"start":{"line":248,"column":8},"end":{"line":250,"column":10}},"103":{"start":{"line":252,"column":11},"end":{"line":257,"column":5}},"104":{"start":{"line":254,"column":6},"end":{"line":256,"column":8}},"105":{"start":{"line":260,"column":4},"end":{"line":270,"column":5}},"106":{"start":{"line":261,"column":23},"end":{"line":261,"column":102}},"107":{"start":{"line":262,"column":26},"end":{"line":262,"column":102}},"108":{"start":{"line":264,"column":6},"end":{"line":266,"column":8}},"109":{"start":{"line":269,"column":6},"end":{"line":269,"column":29}},"110":{"start":{"line":273,"column":4},"end":{"line":283,"column":5}},"111":{"start":{"line":274,"column":23},"end":{"line":274,"column":102}},"112":{"start":{"line":275,"column":26},"end":{"line":275,"column":102}},"113":{"start":{"line":277,"column":6},"end":{"line":279,"column":8}},"114":{"start":{"line":282,"column":6},"end":{"line":282,"column":29}},"115":{"start":{"line":285,"column":4},"end":{"line":285,"column":72}},"116":{"start":{"line":293,"column":2},"end":{"line":570,"column":3}},"117":{"start":{"line":294,"column":20},"end":{"line":294,"column":51}},"118":{"start":{"line":297,"column":23},"end":{"line":297,"column":66}},"119":{"start":{"line":298,"column":18},"end":{"line":298,"column":99}},"120":{"start":{"line":298,"column":51},"end":{"line":298,"column":98}},"121":{"start":{"line":299,"column":18},"end":{"line":300,"column":null}},"122":{"start":{"line":300,"column":6},"end":{"line":300,"column":68}},"123":{"start":{"line":304,"column":18},"end":{"line":304,"column":54}},"124":{"start":{"line":305,"column":23},"end":{"line":305,"column":37}},"125":{"start":{"line":306,"column":28},"end":{"line":306,"column":69}},"126":{"start":{"line":307,"column":25},"end":{"line":307,"column":63}},"127":{"start":{"line":308,"column":24},"end":{"line":308,"column":58}},"128":{"start":{"line":310,"column":4},"end":{"line":312,"column":5}},"129":{"start":{"line":311,"column":6},"end":{"line":311,"column":19}},"130":{"start":{"line":315,"column":24},"end":{"line":315,"column":68}},"131":{"start":{"line":316,"column":26},"end":{"line":316,"column":53}},"132":{"start":{"line":320,"column":31},"end":{"line":320,"column":34}},"133":{"start":{"line":321,"column":4},"end":{"line":326,"column":5}},"134":{"start":{"line":322,"column":6},"end":{"line":324,"column":8}},"135":{"start":{"line":325,"column":6},"end":{"line":325,"column":19}},"136":{"start":{"line":330,"column":21},"end":{"line":330,"column":85}},"137":{"start":{"line":333,"column":4},"end":{"line":338,"column":5}},"138":{"start":{"line":334,"column":6},"end":{"line":336,"column":8}},"139":{"start":{"line":337,"column":6},"end":{"line":337,"column":19}},"140":{"start":{"line":341,"column":21},"end":{"line":341,"column":32}},"141":{"start":{"line":342,"column":4},"end":{"line":352,"column":5}},"142":{"start":{"line":343,"column":21},"end":{"line":343,"column":70}},"143":{"start":{"line":344,"column":6},"end":{"line":349,"column":7}},"144":{"start":{"line":345,"column":26},"end":{"line":345,"column":104}},"145":{"start":{"line":345,"column":52},"end":{"line":345,"column":61}},"146":{"start":{"line":345,"column":88},"end":{"line":345,"column":103}},"147":{"start":{"line":346,"column":8},"end":{"line":348,"column":9}},"148":{"start":{"line":347,"column":10},"end":{"line":347,"column":54}},"149":{"start":{"line":355,"column":4},"end":{"line":375,"column":5}},"150":{"start":{"line":356,"column":6},"end":{"line":358,"column":8}},"151":{"start":{"line":359,"column":22},"end":{"line":360,"column":null}},"152":{"start":{"line":360,"column":8},"end":{"line":360,"column":70}},"153":{"start":{"line":362,"column":22},"end":{"line":362,"column":102}},"154":{"start":{"line":362,"column":54},"end":{"line":362,"column":101}},"155":{"start":{"line":364,"column":6},"end":{"line":370,"column":8}},"156":{"start":{"line":373,"column":6},"end":{"line":373,"column":37}},"157":{"start":{"line":374,"column":6},"end":{"line":374,"column":18}},"158":{"start":{"line":378,"column":4},"end":{"line":395,"column":5}},"159":{"start":{"line":379,"column":6},"end":{"line":381,"column":8}},"160":{"start":{"line":382,"column":22},"end":{"line":382,"column":102}},"161":{"start":{"line":382,"column":54},"end":{"line":382,"column":101}},"162":{"start":{"line":384,"column":6},"end":{"line":390,"column":8}},"163":{"start":{"line":393,"column":6},"end":{"line":393,"column":37}},"164":{"start":{"line":394,"column":6},"end":{"line":394,"column":18}},"165":{"start":{"line":399,"column":4},"end":{"line":434,"column":5}},"166":{"start":{"line":401,"column":6},"end":{"line":415,"column":7}},"167":{"start":{"line":402,"column":8},"end":{"line":404,"column":10}},"168":{"start":{"line":405,"column":8},"end":{"line":405,"column":54}},"169":{"start":{"line":407,"column":8},"end":{"line":407,"column":64}},"170":{"start":{"line":407,"column":37},"end":{"line":407,"column":62}},"171":{"start":{"line":410,"column":8},"end":{"line":410,"column":55}},"172":{"start":{"line":411,"column":8},"end":{"line":411,"column":38}},"173":{"start":{"line":412,"column":8},"end":{"line":412,"column":70}},"174":{"start":{"line":413,"column":8},"end":{"line":413,"column":64}},"175":{"start":{"line":414,"column":8},"end":{"line":414,"column":59}},"176":{"start":{"line":417,"column":6},"end":{"line":419,"column":8}},"177":{"start":{"line":420,"column":11},"end":{"line":434,"column":5}},"178":{"start":{"line":421,"column":6},"end":{"line":423,"column":8}},"179":{"start":{"line":425,"column":6},"end":{"line":431,"column":8}},"180":{"start":{"line":432,"column":6},"end":{"line":432,"column":37}},"181":{"start":{"line":433,"column":6},"end":{"line":433,"column":18}},"182":{"start":{"line":437,"column":4},"end":{"line":439,"column":6}},"183":{"start":{"line":442,"column":4},"end":{"line":450,"column":5}},"184":{"start":{"line":443,"column":6},"end":{"line":445,"column":8}},"185":{"start":{"line":447,"column":6},"end":{"line":449,"column":8}},"186":{"start":{"line":453,"column":20},"end":{"line":453,"column":63}},"187":{"start":{"line":454,"column":23},"end":{"line":454,"column":70}},"188":{"start":{"line":457,"column":4},"end":{"line":459,"column":6}},"189":{"start":{"line":462,"column":4},"end":{"line":526,"column":5}},"190":{"start":{"line":464,"column":27},"end":{"line":464,"column":63}},"191":{"start":{"line":465,"column":32},"end":{"line":465,"column":51}},"192":{"start":{"line":466,"column":29},"end":{"line":466,"column":75}},"193":{"start":{"line":469,"column":25},"end":{"line":469,"column":87}},"194":{"start":{"line":471,"column":6},"end":{"line":473,"column":8}},"195":{"start":{"line":475,"column":6},"end":{"line":517,"column":7}},"196":{"start":{"line":476,"column":8},"end":{"line":478,"column":10}},"197":{"start":{"line":480,"column":8},"end":{"line":516,"column":9}},"198":{"start":{"line":481,"column":10},"end":{"line":481,"column":75}},"199":{"start":{"line":482,"column":10},"end":{"line":484,"column":12}},"200":{"start":{"line":487,"column":27},"end":{"line":487,"column":65}},"201":{"start":{"line":488,"column":10},"end":{"line":515,"column":11}},"202":{"start":{"line":490,"column":37},"end":{"line":490,"column":98}},"203":{"start":{"line":491,"column":12},"end":{"line":509,"column":13}},"204":{"start":{"line":492,"column":14},"end":{"line":504,"column":15}},"205":{"start":{"line":493,"column":16},"end":{"line":495,"column":18}},"206":{"start":{"line":496,"column":16},"end":{"line":496,"column":87}},"207":{"start":{"line":497,"column":16},"end":{"line":499,"column":18}},"208":{"start":{"line":501,"column":16},"end":{"line":503,"column":18}},"209":{"start":{"line":506,"column":14},"end":{"line":508,"column":16}},"210":{"start":{"line":512,"column":12},"end":{"line":514,"column":14}},"211":{"start":{"line":518,"column":11},"end":{"line":526,"column":5}},"212":{"start":{"line":519,"column":6},"end":{"line":521,"column":8}},"213":{"start":{"line":522,"column":11},"end":{"line":526,"column":5}},"214":{"start":{"line":523,"column":6},"end":{"line":525,"column":8}},"215":{"start":{"line":529,"column":4},"end":{"line":562,"column":5}},"216":{"start":{"line":530,"column":22},"end":{"line":530,"column":66}},"217":{"start":{"line":531,"column":6},"end":{"line":540,"column":7}},"218":{"start":{"line":532,"column":8},"end":{"line":532,"column":81}},"219":{"start":{"line":533,"column":8},"end":{"line":535,"column":10}},"220":{"start":{"line":537,"column":8},"end":{"line":539,"column":10}},"221":{"start":{"line":542,"column":6},"end":{"line":548,"column":8}},"222":{"start":{"line":550,"column":6},"end":{"line":552,"column":8}},"223":{"start":{"line":555,"column":6},"end":{"line":561,"column":8}},"224":{"start":{"line":565,"column":4},"end":{"line":565,"column":35}},"225":{"start":{"line":566,"column":4},"end":{"line":566,"column":16}},"226":{"start":{"line":568,"column":4},"end":{"line":568,"column":82}},"227":{"start":{"line":569,"column":4},"end":{"line":569,"column":17}},"228":{"start":{"line":577,"column":20},"end":{"line":577,"column":47}},"229":{"start":{"line":578,"column":2},"end":{"line":580,"column":4}},"230":{"start":{"line":581,"column":2},"end":{"line":583,"column":4}},"231":{"start":{"line":584,"column":2},"end":{"line":584,"column":40}},"232":{"start":{"line":586,"column":2},"end":{"line":678,"column":3}},"233":{"start":{"line":588,"column":32},"end":{"line":588,"column":61}},"234":{"start":{"line":590,"column":4},"end":{"line":594,"column":5}},"235":{"start":{"line":591,"column":6},"end":{"line":593,"column":8}},"236":{"start":{"line":597,"column":25},"end":{"line":599,"column":null}},"237":{"start":{"line":602,"column":4},"end":{"line":604,"column":5}},"238":{"start":{"line":603,"column":6},"end":{"line":603,"column":54}},"239":{"start":{"line":606,"column":4},"end":{"line":608,"column":6}},"240":{"start":{"line":612,"column":4},"end":{"line":612,"column":73}},"241":{"start":{"line":615,"column":4},"end":{"line":662,"column":5}},"242":{"start":{"line":616,"column":6},"end":{"line":661,"column":7}},"243":{"start":{"line":618,"column":8},"end":{"line":618,"column":39}},"244":{"start":{"line":620,"column":28},"end":{"line":620,"column":72}},"245":{"start":{"line":621,"column":27},"end":{"line":621,"column":106}},"246":{"start":{"line":622,"column":24},"end":{"line":622,"column":50}},"247":{"start":{"line":623,"column":28},"end":{"line":623,"column":104}},"248":{"start":{"line":624,"column":30},"end":{"line":624,"column":68}},"249":{"start":{"line":625,"column":27},"end":{"line":625,"column":80}},"250":{"start":{"line":626,"column":30},"end":{"line":626,"column":56}},"251":{"start":{"line":628,"column":8},"end":{"line":630,"column":10}},"252":{"start":{"line":631,"column":8},"end":{"line":633,"column":10}},"253":{"start":{"line":634,"column":8},"end":{"line":636,"column":10}},"254":{"start":{"line":637,"column":8},"end":{"line":639,"column":10}},"255":{"start":{"line":640,"column":8},"end":{"line":642,"column":10}},"256":{"start":{"line":643,"column":8},"end":{"line":645,"column":10}},"257":{"start":{"line":646,"column":8},"end":{"line":648,"column":10}},"258":{"start":{"line":649,"column":8},"end":{"line":651,"column":10}},"259":{"start":{"line":652,"column":8},"end":{"line":654,"column":10}},"260":{"start":{"line":655,"column":8},"end":{"line":657,"column":10}},"261":{"start":{"line":658,"column":8},"end":{"line":658,"column":27}},"262":{"start":{"line":660,"column":8},"end":{"line":660,"column":86}},"263":{"start":{"line":664,"column":20},"end":{"line":664,"column":51}},"264":{"start":{"line":665,"column":4},"end":{"line":667,"column":6}},"265":{"start":{"line":670,"column":4},"end":{"line":670,"column":20}},"266":{"start":{"line":672,"column":22},"end":{"line":672,"column":53}},"267":{"start":{"line":673,"column":4},"end":{"line":675,"column":6}},"268":{"start":{"line":676,"column":4},"end":{"line":676,"column":46}},"269":{"start":{"line":677,"column":4},"end":{"line":677,"column":20}},"270":{"start":{"line":681,"column":13},"end":{"line":688,"column":2}},"271":{"start":{"line":691,"column":0},"end":{"line":693,"column":3}},"272":{"start":{"line":692,"column":2},"end":{"line":692,"column":18}},"273":{"start":{"line":695,"column":0},"end":{"line":697,"column":3}},"274":{"start":{"line":696,"column":2},"end":{"line":696,"column":18}},"275":{"start":{"line":699,"column":0},"end":{"line":699,"column":7}}},"fnMap":{"0":{"name":"runTradingBot","decl":{"start":{"line":42,"column":15},"end":{"line":42,"column":28}},"loc":{"start":{"line":42,"column":77},"end":{"line":154,"column":1}}},"1":{"name":"checkAndAdjustStopLoss","decl":{"start":{"line":164,"column":15},"end":{"line":164,"column":37}},"loc":{"start":{"line":164,"column":37},"end":{"line":287,"column":1}}},"2":{"name":"(anonymous_2)","decl":{"start":{"line":206,"column":34},"end":{"line":206,"column":35}},"loc":{"start":{"line":207,"column":6},"end":{"line":207,"column":68}}},"3":{"name":"setupExistingPosition","decl":{"start":{"line":292,"column":15},"end":{"line":292,"column":36}},"loc":{"start":{"line":292,"column":36},"end":{"line":571,"column":1}}},"4":{"name":"(anonymous_4)","decl":{"start":{"line":298,"column":35},"end":{"line":298,"column":36}},"loc":{"start":{"line":298,"column":51},"end":{"line":298,"column":98}}},"5":{"name":"(anonymous_5)","decl":{"start":{"line":299,"column":35},"end":{"line":299,"column":36}},"loc":{"start":{"line":300,"column":6},"end":{"line":300,"column":68}}},"6":{"name":"(anonymous_6)","decl":{"start":{"line":345,"column":40},"end":{"line":345,"column":41}},"loc":{"start":{"line":345,"column":52},"end":{"line":345,"column":61}}},"7":{"name":"(anonymous_7)","decl":{"start":{"line":345,"column":68},"end":{"line":345,"column":69}},"loc":{"start":{"line":345,"column":88},"end":{"line":345,"column":103}}},"8":{"name":"(anonymous_8)","decl":{"start":{"line":359,"column":38},"end":{"line":359,"column":39}},"loc":{"start":{"line":360,"column":8},"end":{"line":360,"column":70}}},"9":{"name":"(anonymous_9)","decl":{"start":{"line":362,"column":38},"end":{"line":362,"column":39}},"loc":{"start":{"line":362,"column":54},"end":{"line":362,"column":101}}},"10":{"name":"(anonymous_10)","decl":{"start":{"line":382,"column":38},"end":{"line":382,"column":39}},"loc":{"start":{"line":382,"column":54},"end":{"line":382,"column":101}}},"11":{"name":"(anonymous_11)","decl":{"start":{"line":407,"column":26},"end":{"line":407,"column":33}},"loc":{"start":{"line":407,"column":37},"end":{"line":407,"column":62}}},"12":{"name":"main","decl":{"start":{"line":576,"column":15},"end":{"line":576,"column":19}},"loc":{"start":{"line":576,"column":19},"end":{"line":679,"column":1}}},"13":{"name":"(anonymous_13)","decl":{"start":{"line":691,"column":21},"end":{"line":691,"column":24}},"loc":{"start":{"line":691,"column":26},"end":{"line":693,"column":1}}},"14":{"name":"(anonymous_14)","decl":{"start":{"line":695,"column":22},"end":{"line":695,"column":25}},"loc":{"start":{"line":695,"column":27},"end":{"line":697,"column":1}}}},"branchMap":{"0":{"loc":{"start":{"line":42,"column":53},"end":{"line":42,"column":77}},"type":"default-arg","locations":[{"start":{"line":42,"column":73},"end":{"line":42,"column":77}}]},"1":{"loc":{"start":{"line":66,"column":4},"end":{"line":83,"column":5}},"type":"if","locations":[{"start":{"line":66,"column":4},"end":{"line":83,"column":5}},{"start":{"line":79,"column":11},"end":{"line":83,"column":5}}]},"2":{"loc":{"start":{"line":67,"column":29},"end":{"line":67,"column":93}},"type":"cond-expr","locations":[{"start":{"line":67,"column":47},"end":{"line":67,"column":88}},{"start":{"line":67,"column":91},"end":{"line":67,"column":93}}]},"3":{"loc":{"start":{"line":72,"column":6},"end":{"line":78,"column":7}},"type":"if","locations":[{"start":{"line":72,"column":6},"end":{"line":78,"column":7}}]},"4":{"loc":{"start":{"line":86,"column":4},"end":{"line":149,"column":5}},"type":"if","locations":[{"start":{"line":86,"column":4},"end":{"line":149,"column":5}}]},"5":{"loc":{"start":{"line":86,"column":8},"end":{"line":86,"column":41}},"type":"binary-expr","locations":[{"start":{"line":86,"column":8},"end":{"line":86,"column":31}},{"start":{"line":86,"column":35},"end":{"line":86,"column":41}}]},"6":{"loc":{"start":{"line":90,"column":6},"end":{"line":148,"column":7}},"type":"if","locations":[{"start":{"line":90,"column":6},"end":{"line":148,"column":7}},{"start":{"line":142,"column":13},"end":{"line":148,"column":7}}]},"7":{"loc":{"start":{"line":90,"column":10},"end":{"line":90,"column":38}},"type":"binary-expr","locations":[{"start":{"line":90,"column":10},"end":{"line":90,"column":18}},{"start":{"line":90,"column":22},"end":{"line":90,"column":38}}]},"8":{"loc":{"start":{"line":92,"column":140},"end":{"line":92,"column":197}},"type":"cond-expr","locations":[{"start":{"line":92,"column":149},"end":{"line":92,"column":162}},{"start":{"line":92,"column":165},"end":{"line":92,"column":197}}]},"9":{"loc":{"start":{"line":99,"column":10},"end":{"line":138,"column":11}},"type":"if","locations":[{"start":{"line":99,"column":10},"end":{"line":138,"column":11}}]},"10":{"loc":{"start":{"line":99,"column":14},"end":{"line":99,"column":48}},"type":"binary-expr","locations":[{"start":{"line":99,"column":14},"end":{"line":99,"column":19}},{"start":{"line":99,"column":23},"end":{"line":99,"column":48}}]},"11":{"loc":{"start":{"line":102,"column":12},"end":{"line":106,"column":13}},"type":"if","locations":[{"start":{"line":102,"column":12},"end":{"line":106,"column":13}}]},"12":{"loc":{"start":{"line":103,"column":28},"end":{"line":105,"column":35}},"type":"cond-expr","locations":[{"start":{"line":104,"column":18},"end":{"line":104,"column":47}},{"start":{"line":105,"column":18},"end":{"line":105,"column":35}}]},"13":{"loc":{"start":{"line":109,"column":12},"end":{"line":113,"column":13}},"type":"if","locations":[{"start":{"line":109,"column":12},"end":{"line":113,"column":13}}]},"14":{"loc":{"start":{"line":109,"column":16},"end":{"line":109,"column":50}},"type":"binary-expr","locations":[{"start":{"line":109,"column":16},"end":{"line":109,"column":28}},{"start":{"line":109,"column":32},"end":{"line":109,"column":50}}]},"15":{"loc":{"start":{"line":112,"column":39},"end":{"line":112,"column":68}},"type":"binary-expr","locations":[{"start":{"line":112,"column":39},"end":{"line":112,"column":61}},{"start":{"line":112,"column":65},"end":{"line":112,"column":68}}]},"16":{"loc":{"start":{"line":112,"column":83},"end":{"line":112,"column":109}},"type":"binary-expr","locations":[{"start":{"line":112,"column":83},"end":{"line":112,"column":102}},{"start":{"line":112,"column":106},"end":{"line":112,"column":109}}]},"17":{"loc":{"start":{"line":117,"column":12},"end":{"line":121,"column":13}},"type":"if","locations":[{"start":{"line":117,"column":12},"end":{"line":121,"column":13}},{"start":{"line":119,"column":19},"end":{"line":121,"column":13}}]},"18":{"loc":{"start":{"line":117,"column":16},"end":{"line":117,"column":53}},"type":"binary-expr","locations":[{"start":{"line":117,"column":16},"end":{"line":117,"column":27}},{"start":{"line":117,"column":31},"end":{"line":117,"column":53}}]},"19":{"loc":{"start":{"line":118,"column":41},"end":{"line":118,"column":88}},"type":"binary-expr","locations":[{"start":{"line":118,"column":41},"end":{"line":118,"column":61}},{"start":{"line":118,"column":65},"end":{"line":118,"column":88}}]},"20":{"loc":{"start":{"line":119,"column":19},"end":{"line":121,"column":13}},"type":"if","locations":[{"start":{"line":119,"column":19},"end":{"line":121,"column":13}}]},"21":{"loc":{"start":{"line":126,"column":24},"end":{"line":126,"column":57}},"type":"cond-expr","locations":[{"start":{"line":126,"column":33},"end":{"line":126,"column":35}},{"start":{"line":126,"column":38},"end":{"line":126,"column":57}}]},"22":{"loc":{"start":{"line":142,"column":13},"end":{"line":148,"column":7}},"type":"if","locations":[{"start":{"line":142,"column":13},"end":{"line":148,"column":7}}]},"23":{"loc":{"start":{"line":142,"column":17},"end":{"line":142,"column":45}},"type":"binary-expr","locations":[{"start":{"line":142,"column":17},"end":{"line":142,"column":26}},{"start":{"line":142,"column":30},"end":{"line":142,"column":45}}]},"24":{"loc":{"start":{"line":144,"column":23},"end":{"line":144,"column":82}},"type":"cond-expr","locations":[{"start":{"line":144,"column":35},"end":{"line":144,"column":60}},{"start":{"line":144,"column":63},"end":{"line":144,"column":82}}]},"25":{"loc":{"start":{"line":146,"column":178},"end":{"line":146,"column":235}},"type":"cond-expr","locations":[{"start":{"line":146,"column":187},"end":{"line":146,"column":200}},{"start":{"line":146,"column":203},"end":{"line":146,"column":235}}]},"26":{"loc":{"start":{"line":165,"column":2},"end":{"line":167,"column":3}},"type":"if","locations":[{"start":{"line":165,"column":2},"end":{"line":167,"column":3}}]},"27":{"loc":{"start":{"line":181,"column":4},"end":{"line":187,"column":5}},"type":"if","locations":[{"start":{"line":181,"column":4},"end":{"line":187,"column":5}}]},"28":{"loc":{"start":{"line":192,"column":4},"end":{"line":198,"column":5}},"type":"if","locations":[{"start":{"line":192,"column":4},"end":{"line":198,"column":5}}]},"29":{"loc":{"start":{"line":202,"column":20},"end":{"line":202,"column":46}},"type":"cond-expr","locations":[{"start":{"line":202,"column":38},"end":{"line":202,"column":41}},{"start":{"line":202,"column":44},"end":{"line":202,"column":46}}]},"30":{"loc":{"start":{"line":207,"column":6},"end":{"line":207,"column":68}},"type":"binary-expr","locations":[{"start":{"line":207,"column":6},"end":{"line":207,"column":32}},{"start":{"line":207,"column":36},"end":{"line":207,"column":68}}]},"31":{"loc":{"start":{"line":211,"column":4},"end":{"line":224,"column":5}},"type":"if","locations":[{"start":{"line":211,"column":4},"end":{"line":224,"column":5}}]},"32":{"loc":{"start":{"line":211,"column":8},"end":{"line":211,"column":34}},"type":"binary-expr","locations":[{"start":{"line":211,"column":8},"end":{"line":211,"column":24}},{"start":{"line":211,"column":28},"end":{"line":211,"column":34}}]},"33":{"loc":{"start":{"line":221,"column":55},"end":{"line":221,"column":93}},"type":"binary-expr","locations":[{"start":{"line":221,"column":55},"end":{"line":221,"column":68}},{"start":{"line":221,"column":72},"end":{"line":221,"column":93}}]},"34":{"loc":{"start":{"line":227,"column":4},"end":{"line":257,"column":5}},"type":"if","locations":[{"start":{"line":227,"column":4},"end":{"line":257,"column":5}},{"start":{"line":252,"column":11},"end":{"line":257,"column":5}}]},"35":{"loc":{"start":{"line":227,"column":8},"end":{"line":227,"column":33}},"type":"binary-expr","locations":[{"start":{"line":227,"column":8},"end":{"line":227,"column":13}},{"start":{"line":227,"column":17},"end":{"line":227,"column":33}}]},"36":{"loc":{"start":{"line":231,"column":6},"end":{"line":251,"column":7}},"type":"if","locations":[{"start":{"line":231,"column":6},"end":{"line":251,"column":7}},{"start":{"line":246,"column":13},"end":{"line":251,"column":7}}]},"37":{"loc":{"start":{"line":235,"column":8},"end":{"line":245,"column":9}},"type":"if","locations":[{"start":{"line":235,"column":8},"end":{"line":245,"column":9}}]},"38":{"loc":{"start":{"line":252,"column":11},"end":{"line":257,"column":5}},"type":"if","locations":[{"start":{"line":252,"column":11},"end":{"line":257,"column":5}}]},"39":{"loc":{"start":{"line":260,"column":4},"end":{"line":270,"column":5}},"type":"if","locations":[{"start":{"line":260,"column":4},"end":{"line":270,"column":5}}]},"40":{"loc":{"start":{"line":265,"column":180},"end":{"line":265,"column":204}},"type":"cond-expr","locations":[{"start":{"line":265,"column":196},"end":{"line":265,"column":199}},{"start":{"line":265,"column":202},"end":{"line":265,"column":204}}]},"41":{"loc":{"start":{"line":273,"column":4},"end":{"line":283,"column":5}},"type":"if","locations":[{"start":{"line":273,"column":4},"end":{"line":283,"column":5}}]},"42":{"loc":{"start":{"line":273,"column":8},"end":{"line":273,"column":69}},"type":"binary-expr","locations":[{"start":{"line":273,"column":8},"end":{"line":273,"column":23}},{"start":{"line":273,"column":27},"end":{"line":273,"column":69}}]},"43":{"loc":{"start":{"line":298,"column":51},"end":{"line":298,"column":98}},"type":"binary-expr","locations":[{"start":{"line":298,"column":51},"end":{"line":298,"column":73}},{"start":{"line":298,"column":77},"end":{"line":298,"column":98}}]},"44":{"loc":{"start":{"line":300,"column":6},"end":{"line":300,"column":68}},"type":"binary-expr","locations":[{"start":{"line":300,"column":6},"end":{"line":300,"column":32}},{"start":{"line":300,"column":36},"end":{"line":300,"column":68}}]},"45":{"loc":{"start":{"line":306,"column":39},"end":{"line":306,"column":68}},"type":"binary-expr","locations":[{"start":{"line":306,"column":39},"end":{"line":306,"column":61}},{"start":{"line":306,"column":65},"end":{"line":306,"column":68}}]},"46":{"loc":{"start":{"line":307,"column":36},"end":{"line":307,"column":62}},"type":"binary-expr","locations":[{"start":{"line":307,"column":36},"end":{"line":307,"column":55}},{"start":{"line":307,"column":59},"end":{"line":307,"column":62}}]},"47":{"loc":{"start":{"line":310,"column":4},"end":{"line":312,"column":5}},"type":"if","locations":[{"start":{"line":310,"column":4},"end":{"line":312,"column":5}}]},"48":{"loc":{"start":{"line":321,"column":4},"end":{"line":326,"column":5}},"type":"if","locations":[{"start":{"line":321,"column":4},"end":{"line":326,"column":5}}]},"49":{"loc":{"start":{"line":333,"column":4},"end":{"line":338,"column":5}},"type":"if","locations":[{"start":{"line":333,"column":4},"end":{"line":338,"column":5}}]},"50":{"loc":{"start":{"line":344,"column":6},"end":{"line":349,"column":7}},"type":"if","locations":[{"start":{"line":344,"column":6},"end":{"line":349,"column":7}}]},"51":{"loc":{"start":{"line":344,"column":10},"end":{"line":344,"column":37}},"type":"binary-expr","locations":[{"start":{"line":344,"column":10},"end":{"line":344,"column":16}},{"start":{"line":344,"column":20},"end":{"line":344,"column":37}}]},"52":{"loc":{"start":{"line":346,"column":8},"end":{"line":348,"column":9}},"type":"if","locations":[{"start":{"line":346,"column":8},"end":{"line":348,"column":9}}]},"53":{"loc":{"start":{"line":355,"column":4},"end":{"line":375,"column":5}},"type":"if","locations":[{"start":{"line":355,"column":4},"end":{"line":375,"column":5}}]},"54":{"loc":{"start":{"line":355,"column":8},"end":{"line":355,"column":22}},"type":"binary-expr","locations":[{"start":{"line":355,"column":8},"end":{"line":355,"column":13}},{"start":{"line":355,"column":17},"end":{"line":355,"column":22}}]},"55":{"loc":{"start":{"line":360,"column":8},"end":{"line":360,"column":70}},"type":"binary-expr","locations":[{"start":{"line":360,"column":8},"end":{"line":360,"column":34}},{"start":{"line":360,"column":38},"end":{"line":360,"column":70}}]},"56":{"loc":{"start":{"line":362,"column":54},"end":{"line":362,"column":101}},"type":"binary-expr","locations":[{"start":{"line":362,"column":54},"end":{"line":362,"column":76}},{"start":{"line":362,"column":80},"end":{"line":362,"column":101}}]},"57":{"loc":{"start":{"line":366,"column":29},"end":{"line":366,"column":100}},"type":"binary-expr","locations":[{"start":{"line":366,"column":29},"end":{"line":366,"column":47}},{"start":{"line":366,"column":51},"end":{"line":366,"column":65}},{"start":{"line":366,"column":69},"end":{"line":366,"column":100}}]},"58":{"loc":{"start":{"line":367,"column":32},"end":{"line":367,"column":81}},"type":"binary-expr","locations":[{"start":{"line":367,"column":32},"end":{"line":367,"column":46}},{"start":{"line":367,"column":50},"end":{"line":367,"column":81}}]},"59":{"loc":{"start":{"line":378,"column":4},"end":{"line":395,"column":5}},"type":"if","locations":[{"start":{"line":378,"column":4},"end":{"line":395,"column":5}}]},"60":{"loc":{"start":{"line":378,"column":8},"end":{"line":378,"column":39}},"type":"binary-expr","locations":[{"start":{"line":378,"column":8},"end":{"line":378,"column":13}},{"start":{"line":378,"column":17},"end":{"line":378,"column":39}}]},"61":{"loc":{"start":{"line":382,"column":54},"end":{"line":382,"column":101}},"type":"binary-expr","locations":[{"start":{"line":382,"column":54},"end":{"line":382,"column":76}},{"start":{"line":382,"column":80},"end":{"line":382,"column":101}}]},"62":{"loc":{"start":{"line":387,"column":32},"end":{"line":387,"column":81}},"type":"binary-expr","locations":[{"start":{"line":387,"column":32},"end":{"line":387,"column":46}},{"start":{"line":387,"column":50},"end":{"line":387,"column":81}}]},"63":{"loc":{"start":{"line":399,"column":4},"end":{"line":434,"column":5}},"type":"if","locations":[{"start":{"line":399,"column":4},"end":{"line":434,"column":5}},{"start":{"line":420,"column":11},"end":{"line":434,"column":5}}]},"64":{"loc":{"start":{"line":399,"column":8},"end":{"line":399,"column":51}},"type":"binary-expr","locations":[{"start":{"line":399,"column":9},"end":{"line":399,"column":15}},{"start":{"line":399,"column":19},"end":{"line":399,"column":25}},{"start":{"line":399,"column":30},"end":{"line":399,"column":51}}]},"65":{"loc":{"start":{"line":401,"column":6},"end":{"line":415,"column":7}},"type":"if","locations":[{"start":{"line":401,"column":6},"end":{"line":415,"column":7}}]},"66":{"loc":{"start":{"line":401,"column":10},"end":{"line":401,"column":45}},"type":"binary-expr","locations":[{"start":{"line":401,"column":10},"end":{"line":401,"column":20}},{"start":{"line":401,"column":24},"end":{"line":401,"column":45}}]},"67":{"loc":{"start":{"line":412,"column":39},"end":{"line":412,"column":68}},"type":"binary-expr","locations":[{"start":{"line":412,"column":39},"end":{"line":412,"column":61}},{"start":{"line":412,"column":65},"end":{"line":412,"column":68}}]},"68":{"loc":{"start":{"line":413,"column":36},"end":{"line":413,"column":62}},"type":"binary-expr","locations":[{"start":{"line":413,"column":36},"end":{"line":413,"column":55}},{"start":{"line":413,"column":59},"end":{"line":413,"column":62}}]},"69":{"loc":{"start":{"line":418,"column":69},"end":{"line":418,"column":86}},"type":"cond-expr","locations":[{"start":{"line":418,"column":77},"end":{"line":418,"column":80}},{"start":{"line":418,"column":83},"end":{"line":418,"column":86}}]},"70":{"loc":{"start":{"line":418,"column":96},"end":{"line":418,"column":113}},"type":"cond-expr","locations":[{"start":{"line":418,"column":104},"end":{"line":418,"column":107}},{"start":{"line":418,"column":110},"end":{"line":418,"column":113}}]},"71":{"loc":{"start":{"line":420,"column":11},"end":{"line":434,"column":5}},"type":"if","locations":[{"start":{"line":420,"column":11},"end":{"line":434,"column":5}}]},"72":{"loc":{"start":{"line":420,"column":15},"end":{"line":420,"column":59}},"type":"binary-expr","locations":[{"start":{"line":420,"column":16},"end":{"line":420,"column":22}},{"start":{"line":420,"column":26},"end":{"line":420,"column":32}},{"start":{"line":420,"column":37},"end":{"line":420,"column":59}}]},"73":{"loc":{"start":{"line":422,"column":75},"end":{"line":422,"column":92}},"type":"cond-expr","locations":[{"start":{"line":422,"column":83},"end":{"line":422,"column":86}},{"start":{"line":422,"column":89},"end":{"line":422,"column":92}}]},"74":{"loc":{"start":{"line":422,"column":102},"end":{"line":422,"column":119}},"type":"cond-expr","locations":[{"start":{"line":422,"column":110},"end":{"line":422,"column":113}},{"start":{"line":422,"column":116},"end":{"line":422,"column":119}}]},"75":{"loc":{"start":{"line":442,"column":4},"end":{"line":450,"column":5}},"type":"if","locations":[{"start":{"line":442,"column":4},"end":{"line":450,"column":5}},{"start":{"line":446,"column":11},"end":{"line":450,"column":5}}]},"76":{"loc":{"start":{"line":458,"column":123},"end":{"line":458,"column":149}},"type":"cond-expr","locations":[{"start":{"line":458,"column":141},"end":{"line":458,"column":144}},{"start":{"line":458,"column":147},"end":{"line":458,"column":149}}]},"77":{"loc":{"start":{"line":462,"column":4},"end":{"line":526,"column":5}},"type":"if","locations":[{"start":{"line":462,"column":4},"end":{"line":526,"column":5}},{"start":{"line":518,"column":11},"end":{"line":526,"column":5}}]},"78":{"loc":{"start":{"line":462,"column":8},"end":{"line":462,"column":39}},"type":"binary-expr","locations":[{"start":{"line":462,"column":8},"end":{"line":462,"column":14}},{"start":{"line":462,"column":18},"end":{"line":462,"column":39}}]},"79":{"loc":{"start":{"line":466,"column":40},"end":{"line":466,"column":74}},"type":"binary-expr","locations":[{"start":{"line":466,"column":40},"end":{"line":466,"column":67}},{"start":{"line":466,"column":71},"end":{"line":466,"column":74}}]},"80":{"loc":{"start":{"line":475,"column":6},"end":{"line":517,"column":7}},"type":"if","locations":[{"start":{"line":475,"column":6},"end":{"line":517,"column":7}},{"start":{"line":479,"column":13},"end":{"line":517,"column":7}}]},"81":{"loc":{"start":{"line":487,"column":27},"end":{"line":487,"column":65}},"type":"binary-expr","locations":[{"start":{"line":487,"column":27},"end":{"line":487,"column":40}},{"start":{"line":487,"column":44},"end":{"line":487,"column":65}}]},"82":{"loc":{"start":{"line":488,"column":10},"end":{"line":515,"column":11}},"type":"if","locations":[{"start":{"line":488,"column":10},"end":{"line":515,"column":11}},{"start":{"line":510,"column":17},"end":{"line":515,"column":11}}]},"83":{"loc":{"start":{"line":488,"column":14},"end":{"line":488,"column":85}},"type":"binary-expr","locations":[{"start":{"line":488,"column":14},"end":{"line":488,"column":40}},{"start":{"line":488,"column":44},"end":{"line":488,"column":85}}]},"84":{"loc":{"start":{"line":491,"column":12},"end":{"line":509,"column":13}},"type":"if","locations":[{"start":{"line":491,"column":12},"end":{"line":509,"column":13}},{"start":{"line":505,"column":19},"end":{"line":509,"column":13}}]},"85":{"loc":{"start":{"line":491,"column":16},"end":{"line":491,"column":76}},"type":"binary-expr","locations":[{"start":{"line":491,"column":16},"end":{"line":491,"column":43}},{"start":{"line":491,"column":47},"end":{"line":491,"column":76}}]},"86":{"loc":{"start":{"line":502,"column":59},"end":{"line":502,"column":107}},"type":"binary-expr","locations":[{"start":{"line":502,"column":59},"end":{"line":502,"column":77}},{"start":{"line":502,"column":81},"end":{"line":502,"column":107}}]},"87":{"loc":{"start":{"line":518,"column":11},"end":{"line":526,"column":5}},"type":"if","locations":[{"start":{"line":518,"column":11},"end":{"line":526,"column":5}},{"start":{"line":522,"column":11},"end":{"line":526,"column":5}}]},"88":{"loc":{"start":{"line":522,"column":11},"end":{"line":526,"column":5}},"type":"if","locations":[{"start":{"line":522,"column":11},"end":{"line":526,"column":5}}]},"89":{"loc":{"start":{"line":529,"column":4},"end":{"line":562,"column":5}},"type":"if","locations":[{"start":{"line":529,"column":4},"end":{"line":562,"column":5}},{"start":{"line":549,"column":11},"end":{"line":562,"column":5}}]},"90":{"loc":{"start":{"line":538,"column":55},"end":{"line":538,"column":93}},"type":"binary-expr","locations":[{"start":{"line":538,"column":55},"end":{"line":538,"column":68}},{"start":{"line":538,"column":72},"end":{"line":538,"column":93}}]},"91":{"loc":{"start":{"line":551,"column":46},"end":{"line":551,"column":72}},"type":"cond-expr","locations":[{"start":{"line":551,"column":64},"end":{"line":551,"column":67}},{"start":{"line":551,"column":70},"end":{"line":551,"column":72}}]},"92":{"loc":{"start":{"line":590,"column":4},"end":{"line":594,"column":5}},"type":"if","locations":[{"start":{"line":590,"column":4},"end":{"line":594,"column":5}}]},"93":{"loc":{"start":{"line":602,"column":4},"end":{"line":604,"column":5}},"type":"if","locations":[{"start":{"line":602,"column":4},"end":{"line":604,"column":5}}]},"94":{"loc":{"start":{"line":615,"column":4},"end":{"line":662,"column":5}},"type":"if","locations":[{"start":{"line":615,"column":4},"end":{"line":662,"column":5}}]},"95":{"loc":{"start":{"line":615,"column":8},"end":{"line":615,"column":46}},"type":"binary-expr","locations":[{"start":{"line":615,"column":8},"end":{"line":615,"column":27}},{"start":{"line":615,"column":31},"end":{"line":615,"column":46}}]},"96":{"loc":{"start":{"line":622,"column":24},"end":{"line":622,"column":50}},"type":"cond-expr","locations":[{"start":{"line":622,"column":42},"end":{"line":622,"column":45}},{"start":{"line":622,"column":48},"end":{"line":622,"column":50}}]},"97":{"loc":{"start":{"line":685,"column":8},"end":{"line":685,"column":46}},"type":"binary-expr","locations":[{"start":{"line":685,"column":8},"end":{"line":685,"column":30}},{"start":{"line":685,"column":34},"end":{"line":685,"column":46}}]},"98":{"loc":{"start":{"line":686,"column":22},"end":{"line":686,"column":59}},"type":"binary-expr","locations":[{"start":{"line":686,"column":22},"end":{"line":686,"column":48}},{"start":{"line":686,"column":52},"end":{"line":686,"column":59}}]}},"s":{"0":2,"1":2,"2":2,"3":2,"4":2,"5":2,"6":2,"7":2,"8":2,"9":2,"10":2,"11":2,"12":2,"13":2,"14":2,"15":2,"16":0,"17":0,"18":0,"19":0,"20":0,"21":0,"22":0,"23":0,"24":0,"25":0,"26":0,"27":0,"28":0,"29":0,"30":0,"31":0,"32":0,"33":0,"34":0,"35":0,"36":0,"37":0,"38":0,"39":0,"40":0,"41":0,"42":0,"43":0,"44":0,"45":0,"46":0,"47":0,"48":0,"49":0,"50":0,"51":0,"52":0,"53":0,"54":0,"55":0,"56":0,"57":0,"58":0,"59":0,"60":0,"61":0,"62":0,"63":0,"64":0,"65":0,"66":0,"67":0,"68":0,"69":0,"70":0,"71":0,"72":0,"73":0,"74":0,"75":0,"76":0,"77":0,"78":0,"79":0,"80":0,"81":0,"82":0,"83":0,"84":0,"85":0,"86":0,"87":0,"88":0,"89":0,"90":0,"91":0,"92":0,"93":0,"94":0,"95":0,"96":0,"97":0,"98":0,"99":0,"100":0,"101":0,"102":0,"103":0,"104":0,"105":0,"106":0,"107":0,"108":0,"109":0,"110":0,"111":0,"112":0,"113":0,"114":0,"115":0,"116":2,"117":2,"118":2,"119":0,"120":0,"121":0,"122":0,"123":0,"124":0,"125":0,"126":0,"127":0,"128":0,"129":0,"130":0,"131":0,"132":0,"133":0,"134":0,"135":0,"136":0,"137":0,"138":0,"139":0,"140":0,"141":0,"142":0,"143":0,"144":0,"145":0,"146":0,"147":0,"148":0,"149":0,"150":0,"151":0,"152":0,"153":0,"154":0,"155":0,"156":0,"157":0,"158":0,"159":0,"160":0,"161":0,"162":0,"163":0,"164":0,"165":0,"166":0,"167":0,"168":0,"169":0,"170":0,"171":0,"172":0,"173":0,"174":0,"175":0,"176":0,"177":0,"178":0,"179":0,"180":0,"181":0,"182":0,"183":0,"184":0,"185":0,"186":0,"187":0,"188":0,"189":0,"190":0,"191":0,"192":0,"193":0,"194":0,"195":0,"196":0,"197":0,"198":0,"199":0,"200":0,"201":0,"202":0,"203":0,"204":0,"205":0,"206":0,"207":0,"208":0,"209":0,"210":0,"211":0,"212":0,"213":0,"214":0,"215":0,"216":0,"217":0,"218":0,"219":0,"220":0,"221":0,"222":0,"223":0,"224":0,"225":0,"226":2,"227":2,"228":2,"229":2,"230":2,"231":2,"232":2,"233":2,"234":2,"235":0,"236":2,"237":1,"238":0,"239":0,"240":0,"241":0,"242":0,"243":0,"244":0,"245":0,"246":0,"247":0,"248":0,"249":0,"250":0,"251":0,"252":0,"253":0,"254":0,"255":0,"256":0,"257":0,"258":0,"259":0,"260":0,"261":0,"262":0,"263":0,"264":0,"265":0,"266":1,"267":1,"268":1,"269":1,"270":2,"271":2,"272":0,"273":2,"274":0,"275":2},"f":{"0":0,"1":0,"2":0,"3":2,"4":0,"5":0,"6":0,"7":0,"8":0,"9":0,"10":0,"11":0,"12":2,"13":0,"14":0},"b":{"0":[0],"1":[0,0],"2":[0,0],"3":[0],"4":[0],"5":[0,0],"6":[0,0],"7":[0,0],"8":[0,0],"9":[0],"10":[0,0],"11":[0],"12":[0,0],"13":[0],"14":[0,0],"15":[0,0],"16":[0,0],"17":[0,0],"18":[0,0],"19":[0,0],"20":[0],"21":[0,0],"22":[0],"23":[0,0],"24":[0,0],"25":[0,0],"26":[0],"27":[0],"28":[0],"29":[0,0],"30":[0,0],"31":[0],"32":[0,0],"33":[0,0],"34":[0,0],"35":[0,0],"36":[0,0],"37":[0],"38":[0],"39":[0],"40":[0,0],"41":[0],"42":[0,0],"43":[0,0],"44":[0,0],"45":[0,0],"46":[0,0],"47":[0],"48":[0],"49":[0],"50":[0],"51":[0,0],"52":[0],"53":[0],"54":[0,0],"55":[0,0],"56":[0,0],"57":[0,0,0],"58":[0,0],"59":[0],"60":[0,0],"61":[0,0],"62":[0,0],"63":[0,0],"64":[0,0,0],"65":[0],"66":[0,0],"67":[0,0],"68":[0,0],"69":[0,0],"70":[0,0],"71":[0],"72":[0,0,0],"73":[0,0],"74":[0,0],"75":[0,0],"76":[0,0],"77":[0,0],"78":[0,0],"79":[0,0],"80":[0,0],"81":[0,0],"82":[0,0],"83":[0,0],"84":[0,0],"85":[0,0],"86":[0,0],"87":[0,0],"88":[0],"89":[0,0],"90":[0,0],"91":[0,0],"92":[0],"93":[0],"94":[0],"95":[0,0],"96":[0,0],"97":[2,0],"98":[2,0]}}
,"D:\\WORK\\bot\\bot\\apps\\trading-bot\\src\\constants.ts": {"path":"D:\\WORK\\bot\\bot\\apps\\trading-bot\\src\\constants.ts","statementMap":{"0":{"start":{"line":14,"column":14},"end":{"line":14,"column":18}},"1":{"start":{"line":15,"column":11},"end":{"line":48,"column":2}},"2":{"start":{"line":50,"column":13},"end":{"line":56,"column":2}},"3":{"start":{"line":58,"column":13},"end":{"line":58,"column":32}},"4":{"start":{"line":60,"column":13},"end":{"line":60,"column":32}},"5":{"start":{"line":61,"column":13},"end":{"line":61,"column":27}},"6":{"start":{"line":62,"column":13},"end":{"line":62,"column":36}},"7":{"start":{"line":63,"column":13},"end":{"line":63,"column":42}},"8":{"start":{"line":66,"column":13},"end":{"line":66,"column":34}},"9":{"start":{"line":67,"column":13},"end":{"line":67,"column":33}},"10":{"start":{"line":68,"column":13},"end":{"line":68,"column":45}},"11":{"start":{"line":69,"column":13},"end":{"line":69,"column":32}},"12":{"start":{"line":70,"column":13},"end":{"line":70,"column":36}},"13":{"start":{"line":73,"column":13},"end":{"line":73,"column":27}},"14":{"start":{"line":74,"column":13},"end":{"line":74,"column":27}},"15":{"start":{"line":75,"column":13},"end":{"line":75,"column":27}},"16":{"start":{"line":76,"column":13},"end":{"line":76,"column":52}},"17":{"start":{"line":77,"column":13},"end":{"line":77,"column":41}},"18":{"start":{"line":78,"column":13},"end":{"line":78,"column":41}}},"fnMap":{},"branchMap":{},"s":{"0":10,"1":10,"2":10,"3":10,"4":10,"5":10,"6":10,"7":10,"8":10,"9":10,"10":10,"11":10,"12":10,"13":10,"14":10,"15":10,"16":10,"17":10,"18":10},"f":{},"b":{}}
,"D:\\WORK\\bot\\bot\\apps\\trading-bot\\src\\core\\utils.ts": {"path":"D:\\WORK\\bot\\bot\\apps\\trading-bot\\src\\core\\utils.ts","statementMap":{"0":{"start":{"line":3,"column":0},"end":{"line":3,"column":16}},"1":{"start":{"line":39,"column":0},"end":{"line":39,"column":16}},"2":{"start":{"line":43,"column":0},"end":{"line":43,"column":16}},"3":{"start":{"line":5,"column":2},"end":{"line":36,"column":5}},"4":{"start":{"line":19,"column":8},"end":{"line":19,"column":14}},"5":{"start":{"line":22,"column":4},"end":{"line":35,"column":16}},"6":{"start":{"line":40,"column":2},"end":{"line":40,"column":59}},"7":{"start":{"line":40,"column":34},"end":{"line":40,"column":57}},"8":{"start":{"line":45,"column":2},"end":{"line":47,"column":3}},"9":{"start":{"line":46,"column":4},"end":{"line":46,"column":14}},"10":{"start":{"line":50,"column":27},"end":{"line":50,"column":53}},"11":{"start":{"line":52,"column":2},"end":{"line":59,"column":3}},"12":{"start":{"line":52,"column":15},"end":{"line":52,"column":16}},"13":{"start":{"line":53,"column":17},"end":{"line":53,"column":28}},"14":{"start":{"line":54,"column":17},"end":{"line":54,"column":24}},"15":{"start":{"line":56,"column":4},"end":{"line":58,"column":49}},"16":{"start":{"line":61,"column":2},"end":{"line":61,"column":16}}},"fnMap":{"0":{"name":"convertStringToNumbers","decl":{"start":{"line":3,"column":16},"end":{"line":3,"column":38}},"loc":{"start":{"line":3,"column":58},"end":{"line":37,"column":1}}},"1":{"name":"(anonymous_1)","decl":{"start":{"line":5,"column":21},"end":{"line":5,"column":22}},"loc":{"start":{"line":5,"column":42},"end":{"line":36,"column":3}}},"2":{"name":"delay","decl":{"start":{"line":39,"column":16},"end":{"line":39,"column":21}},"loc":{"start":{"line":39,"column":32},"end":{"line":41,"column":1}}},"3":{"name":"(anonymous_3)","decl":{"start":{"line":40,"column":21},"end":{"line":40,"column":22}},"loc":{"start":{"line":40,"column":34},"end":{"line":40,"column":57}}},"4":{"name":"getMACDHistogramColorLabels","decl":{"start":{"line":43,"column":16},"end":{"line":43,"column":43}},"loc":{"start":{"line":43,"column":58},"end":{"line":62,"column":1}}}},"branchMap":{"0":{"loc":{"start":{"line":45,"column":2},"end":{"line":47,"column":3}},"type":"if","locations":[{"start":{"line":45,"column":2},"end":{"line":47,"column":3}}]},"1":{"loc":{"start":{"line":45,"column":6},"end":{"line":45,"column":30}},"type":"binary-expr","locations":[{"start":{"line":45,"column":6},"end":{"line":45,"column":11}},{"start":{"line":45,"column":15},"end":{"line":45,"column":30}}]},"2":{"loc":{"start":{"line":56,"column":20},"end":{"line":58,"column":48}},"type":"cond-expr","locations":[{"start":{"line":57,"column":9},"end":{"line":57,"column":51}},{"start":{"line":58,"column":9},"end":{"line":58,"column":47}}]},"3":{"loc":{"start":{"line":57,"column":9},"end":{"line":57,"column":51}},"type":"cond-expr","locations":[{"start":{"line":57,"column":23},"end":{"line":57,"column":35}},{"start":{"line":57,"column":38},"end":{"line":57,"column":51}}]},"4":{"loc":{"start":{"line":58,"column":9},"end":{"line":58,"column":47}},"type":"cond-expr","locations":[{"start":{"line":58,"column":23},"end":{"line":58,"column":34}},{"start":{"line":58,"column":37},"end":{"line":58,"column":47}}]}},"s":{"0":5,"1":5,"2":5,"3":24,"4":45,"5":45,"6":1,"7":1,"8":14,"9":2,"10":12,"11":12,"12":12,"13":1884,"14":1884,"15":1884,"16":12},"f":{"0":24,"1":45,"2":1,"3":1,"4":14},"b":{"0":[2],"1":[14,14],"2":[1616,268],"3":[120,1496],"4":[212,56]}}
,"D:\\WORK\\bot\\bot\\apps\\trading-bot\\src\\models\\operation.enum.ts": {"path":"D:\\WORK\\bot\\bot\\apps\\trading-bot\\src\\models\\operation.enum.ts","statementMap":{"0":{"start":{"line":1,"column":13},"end":{"line":4,"column":2}}},"fnMap":{},"branchMap":{},"s":{"0":9},"f":{},"b":{}}
,"D:\\WORK\\bot\\bot\\apps\\trading-bot\\src\\models\\tick-interval.model.ts": {"path":"D:\\WORK\\bot\\bot\\apps\\trading-bot\\src\\models\\tick-interval.model.ts","statementMap":{"0":{"start":{"line":35,"column":0},"end":{"line":35,"column":16}},"1":{"start":{"line":1,"column":0},"end":{"line":1,"column":null}},"2":{"start":{"line":2,"column":2},"end":{"line":2,"column":null}},"3":{"start":{"line":3,"column":2},"end":{"line":3,"column":null}},"4":{"start":{"line":4,"column":2},"end":{"line":4,"column":null}},"5":{"start":{"line":5,"column":2},"end":{"line":5,"column":null}},"6":{"start":{"line":6,"column":2},"end":{"line":6,"column":null}},"7":{"start":{"line":7,"column":2},"end":{"line":7,"column":null}},"8":{"start":{"line":8,"column":2},"end":{"line":8,"column":null}},"9":{"start":{"line":9,"column":2},"end":{"line":9,"column":null}},"10":{"start":{"line":10,"column":2},"end":{"line":10,"column":null}},"11":{"start":{"line":11,"column":2},"end":{"line":11,"column":null}},"12":{"start":{"line":12,"column":2},"end":{"line":12,"column":null}},"13":{"start":{"line":13,"column":2},"end":{"line":13,"column":null}},"14":{"start":{"line":14,"column":2},"end":{"line":14,"column":null}},"15":{"start":{"line":15,"column":2},"end":{"line":15,"column":null}},"16":{"start":{"line":20,"column":4},"end":{"line":20,"column":29}},"17":{"start":{"line":23,"column":4},"end":{"line":23,"column":36}},"18":{"start":{"line":26,"column":4},"end":{"line":26,"column":46}},"19":{"start":{"line":29,"column":22},"end":{"line":29,"column":50}},"20":{"start":{"line":30,"column":18},"end":{"line":30,"column":73}},"21":{"start":{"line":30,"column":49},"end":{"line":30,"column":72}},"22":{"start":{"line":31,"column":4},"end":{"line":31,"column":50}},"23":{"start":{"line":17,"column":0},"end":{"line":17,"column":13}},"24":{"start":{"line":36,"column":17},"end":{"line":36,"column":26}},"25":{"start":{"line":37,"column":15},"end":{"line":37,"column":26}},"26":{"start":{"line":38,"column":14},"end":{"line":38,"column":23}},"27":{"start":{"line":39,"column":15},"end":{"line":39,"column":22}},"28":{"start":{"line":40,"column":16},"end":{"line":40,"column":24}},"29":{"start":{"line":42,"column":2},"end":{"line":71,"column":3}},"30":{"start":{"line":44,"column":6},"end":{"line":44,"column":20}},"31":{"start":{"line":46,"column":6},"end":{"line":46,"column":24}},"32":{"start":{"line":48,"column":6},"end":{"line":48,"column":25}},"33":{"start":{"line":50,"column":6},"end":{"line":50,"column":25}},"34":{"start":{"line":52,"column":6},"end":{"line":52,"column":18}},"35":{"start":{"line":54,"column":6},"end":{"line":54,"column":22}},"36":{"start":{"line":56,"column":6},"end":{"line":56,"column":22}},"37":{"start":{"line":58,"column":6},"end":{"line":58,"column":22}},"38":{"start":{"line":60,"column":6},"end":{"line":60,"column":22}},"39":{"start":{"line":62,"column":6},"end":{"line":62,"column":23}},"40":{"start":{"line":64,"column":6},"end":{"line":64,"column":17}},"41":{"start":{"line":66,"column":6},"end":{"line":66,"column":21}},"42":{"start":{"line":68,"column":6},"end":{"line":68,"column":18}},"43":{"start":{"line":70,"column":6},"end":{"line":70,"column":19}}},"fnMap":{"0":{"name":"(anonymous_0)","decl":{"start":{"line":1,"column":0},"end":{"line":1,"column":12}},"loc":{"start":{"line":1,"column":20},"end":{"line":16,"column":1}}},"1":{"name":"(anonymous_1)","decl":{"start":{"line":19,"column":2},"end":{"line":19,"column":14}},"loc":{"start":{"line":19,"column":32},"end":{"line":21,"column":3}}},"2":{"name":"(anonymous_2)","decl":{"start":{"line":22,"column":2},"end":{"line":22,"column":13}},"loc":{"start":{"line":22,"column":13},"end":{"line":24,"column":3}}},"3":{"name":"(anonymous_3)","decl":{"start":{"line":25,"column":2},"end":{"line":25,"column":14}},"loc":{"start":{"line":25,"column":14},"end":{"line":27,"column":3}}},"4":{"name":"(anonymous_4)","decl":{"start":{"line":28,"column":2},"end":{"line":28,"column":21}},"loc":{"start":{"line":28,"column":21},"end":{"line":32,"column":3}}},"5":{"name":"(anonymous_5)","decl":{"start":{"line":30,"column":38},"end":{"line":30,"column":39}},"loc":{"start":{"line":30,"column":49},"end":{"line":30,"column":72}}},"6":{"name":"convertIntervalToMS","decl":{"start":{"line":35,"column":16},"end":{"line":35,"column":35}},"loc":{"start":{"line":35,"column":54},"end":{"line":72,"column":1}}}},"branchMap":{"0":{"loc":{"start":{"line":1,"column":12},"end":{"line":1,"column":null}},"type":"binary-expr","locations":[{"start":{"line":1,"column":12},"end":{"line":1,"column":20}},{"start":{"line":1,"column":20},"end":{"line":1,"column":null}}]},"1":{"loc":{"start":{"line":42,"column":2},"end":{"line":71,"column":3}},"type":"switch","locations":[{"start":{"line":43,"column":4},"end":{"line":44,"column":20}},{"start":{"line":45,"column":4},"end":{"line":46,"column":24}},{"start":{"line":47,"column":4},"end":{"line":48,"column":25}},{"start":{"line":49,"column":4},"end":{"line":50,"column":25}},{"start":{"line":51,"column":4},"end":{"line":52,"column":18}},{"start":{"line":53,"column":4},"end":{"line":54,"column":22}},{"start":{"line":55,"column":4},"end":{"line":56,"column":22}},{"start":{"line":57,"column":4},"end":{"line":58,"column":22}},{"start":{"line":59,"column":4},"end":{"line":60,"column":22}},{"start":{"line":61,"column":4},"end":{"line":62,"column":23}},{"start":{"line":63,"column":4},"end":{"line":64,"column":17}},{"start":{"line":65,"column":4},"end":{"line":66,"column":21}},{"start":{"line":67,"column":4},"end":{"line":68,"column":18}},{"start":{"line":69,"column":4},"end":{"line":70,"column":19}}]}},"s":{"0":3,"1":3,"2":3,"3":3,"4":3,"5":3,"6":3,"7":3,"8":3,"9":3,"10":3,"11":3,"12":3,"13":3,"14":3,"15":3,"16":22,"17":9,"18":4,"19":4,"20":4,"21":21,"22":4,"23":3,"24":18,"25":18,"26":18,"27":18,"28":18,"29":18,"30":2,"31":1,"32":1,"33":2,"34":2,"35":1,"36":1,"37":1,"38":1,"39":1,"40":2,"41":1,"42":1,"43":1},"f":{"0":3,"1":22,"2":9,"3":4,"4":4,"5":21,"6":18},"b":{"0":[3,3],"1":[2,1,1,2,2,1,1,1,1,1,2,1,1,1]}}
,"D:\\WORK\\bot\\bot\\apps\\trading-bot\\src\\services\\api-client.service.ts": {"path":"D:\\WORK\\bot\\bot\\apps\\trading-bot\\src\\services\\api-client.service.ts","statementMap":{"0":{"start":{"line":1,"column":0},"end":{"line":1,"column":43}},"1":{"start":{"line":40,"column":4},"end":{"line":40,"column":63}},"2":{"start":{"line":41,"column":36},"end":{"line":41,"column":40}},"3":{"start":{"line":48,"column":4},"end":{"line":81,"column":5}},"4":{"start":{"line":49,"column":18},"end":{"line":49,"column":51}},"5":{"start":{"line":50,"column":25},"end":{"line":50,"column":46}},"6":{"start":{"line":51,"column":24},"end":{"line":51,"column":74}},"7":{"start":{"line":51,"column":41},"end":{"line":51,"column":59}},"8":{"start":{"line":53,"column":35},"end":{"line":59,"column":8}},"9":{"start":{"line":61,"column":6},"end":{"line":63,"column":7}},"10":{"start":{"line":62,"column":8},"end":{"line":62,"column":44}},"11":{"start":{"line":65,"column":23},"end":{"line":65,"column":48}},"12":{"start":{"line":66,"column":6},"end":{"line":66,"column":30}},"13":{"start":{"line":68,"column":6},"end":{"line":70,"column":7}},"14":{"start":{"line":69,"column":8},"end":{"line":69,"column":66}},"15":{"start":{"line":72,"column":6},"end":{"line":72,"column":35}},"16":{"start":{"line":74,"column":6},"end":{"line":79,"column":9}},"17":{"start":{"line":80,"column":6},"end":{"line":80,"column":18}},"18":{"start":{"line":88,"column":19},"end":{"line":91,"column":null}},"19":{"start":{"line":93,"column":4},"end":{"line":93,"column":27}},"20":{"start":{"line":98,"column":19},"end":{"line":98,"column":74}},"21":{"start":{"line":99,"column":4},"end":{"line":99,"column":27}},"22":{"start":{"line":106,"column":19},"end":{"line":109,"column":null}},"23":{"start":{"line":111,"column":4},"end":{"line":111,"column":27}},"24":{"start":{"line":119,"column":19},"end":{"line":121,"column":6}},"25":{"start":{"line":122,"column":4},"end":{"line":122,"column":27}},"26":{"start":{"line":126,"column":4},"end":{"line":126,"column":54}},"27":{"start":{"line":131,"column":19},"end":{"line":131,"column":60}},"28":{"start":{"line":132,"column":4},"end":{"line":132,"column":27}},"29":{"start":{"line":139,"column":21},"end":{"line":140,"column":null}},"30":{"start":{"line":140,"column":6},"end":{"line":140,"column":73}},"31":{"start":{"line":143,"column":4},"end":{"line":151,"column":5}},"32":{"start":{"line":144,"column":6},"end":{"line":144,"column":41}},"33":{"start":{"line":146,"column":6},"end":{"line":150,"column":9}},"34":{"start":{"line":156,"column":4},"end":{"line":156,"column":52}},"35":{"start":{"line":161,"column":19},"end":{"line":168,"column":6}},"36":{"start":{"line":169,"column":4},"end":{"line":169,"column":27}},"37":{"start":{"line":38,"column":0},"end":{"line":38,"column":13}}},"fnMap":{"0":{"name":"(anonymous_0)","decl":{"start":{"line":43,"column":10},"end":{"line":43,"column":16}},"loc":{"start":{"line":46,"column":14},"end":{"line":82,"column":3}}},"1":{"name":"(anonymous_1)","decl":{"start":{"line":51,"column":35},"end":{"line":51,"column":38}},"loc":{"start":{"line":51,"column":41},"end":{"line":51,"column":59}}},"2":{"name":"(anonymous_2)","decl":{"start":{"line":85,"column":2},"end":{"line":85,"column":8}},"loc":{"start":{"line":86,"column":37},"end":{"line":94,"column":3}}},"3":{"name":"(anonymous_3)","decl":{"start":{"line":97,"column":2},"end":{"line":97,"column":8}},"loc":{"start":{"line":97,"column":43},"end":{"line":100,"column":3}}},"4":{"name":"(anonymous_4)","decl":{"start":{"line":103,"column":2},"end":{"line":103,"column":8}},"loc":{"start":{"line":104,"column":36},"end":{"line":112,"column":3}}},"5":{"name":"(anonymous_5)","decl":{"start":{"line":115,"column":2},"end":{"line":115,"column":8}},"loc":{"start":{"line":117,"column":31},"end":{"line":123,"column":3}}},"6":{"name":"(anonymous_6)","decl":{"start":{"line":125,"column":2},"end":{"line":125,"column":8}},"loc":{"start":{"line":125,"column":32},"end":{"line":127,"column":3}}},"7":{"name":"(anonymous_7)","decl":{"start":{"line":130,"column":2},"end":{"line":130,"column":8}},"loc":{"start":{"line":130,"column":26},"end":{"line":133,"column":3}}},"8":{"name":"(anonymous_8)","decl":{"start":{"line":136,"column":2},"end":{"line":136,"column":8}},"loc":{"start":{"line":137,"column":61},"end":{"line":152,"column":3}}},"9":{"name":"(anonymous_9)","decl":{"start":{"line":139,"column":33},"end":{"line":139,"column":34}},"loc":{"start":{"line":140,"column":6},"end":{"line":140,"column":73}}},"10":{"name":"(anonymous_10)","decl":{"start":{"line":155,"column":2},"end":{"line":155,"column":8}},"loc":{"start":{"line":155,"column":30},"end":{"line":157,"column":3}}},"11":{"name":"(anonymous_11)","decl":{"start":{"line":158,"column":2},"end":{"line":158,"column":8}},"loc":{"start":{"line":159,"column":36},"end":{"line":170,"column":3}}}},"branchMap":{"0":{"loc":{"start":{"line":40,"column":4},"end":{"line":40,"column":63}},"type":"binary-expr","locations":[{"start":{"line":40,"column":4},"end":{"line":40,"column":32}},{"start":{"line":40,"column":36},"end":{"line":40,"column":63}}]},"1":{"loc":{"start":{"line":45,"column":4},"end":{"line":45,"column":42}},"type":"default-arg","locations":[{"start":{"line":45,"column":37},"end":{"line":45,"column":42}}]},"2":{"loc":{"start":{"line":61,"column":6},"end":{"line":63,"column":7}},"type":"if","locations":[{"start":{"line":61,"column":6},"end":{"line":63,"column":7}}]},"3":{"loc":{"start":{"line":61,"column":10},"end":{"line":61,"column":57}},"type":"binary-expr","locations":[{"start":{"line":61,"column":10},"end":{"line":61,"column":14}},{"start":{"line":61,"column":19},"end":{"line":61,"column":36}},{"start":{"line":61,"column":40},"end":{"line":61,"column":56}}]},"4":{"loc":{"start":{"line":68,"column":6},"end":{"line":70,"column":7}},"type":"if","locations":[{"start":{"line":68,"column":6},"end":{"line":70,"column":7}}]}},"s":{"0":3,"1":3,"2":3,"3":16,"4":16,"5":16,"6":16,"7":1,"8":16,"9":16,"10":11,"11":16,"12":12,"13":12,"14":1,"15":11,"16":5,"17":5,"18":4,"19":4,"20":1,"21":1,"22":1,"23":1,"24":4,"25":4,"26":2,"27":2,"28":2,"29":2,"30":3,"31":2,"32":2,"33":0,"34":1,"35":1,"36":1,"37":3},"f":{"0":16,"1":1,"2":4,"3":1,"4":1,"5":4,"6":2,"7":2,"8":2,"9":3,"10":1,"11":1},"b":{"0":[3,3],"1":[5],"2":[11],"3":[16,11,4],"4":[1]}}
,"D:\\WORK\\bot\\bot\\apps\\trading-bot\\src\\services\\binance-api.service.ts": {"path":"D:\\WORK\\bot\\bot\\apps\\trading-bot\\src\\services\\binance-api.service.ts","statementMap":{"0":{"start":{"line":1,"column":0},"end":{"line":1,"column":32}},"1":{"start":{"line":2,"column":0},"end":{"line":2,"column":39}},"2":{"start":{"line":9,"column":0},"end":{"line":9,"column":null}},"3":{"start":{"line":17,"column":0},"end":{"line":17,"column":43}},"4":{"start":{"line":18,"column":0},"end":{"line":18,"column":56}},"5":{"start":{"line":20,"column":0},"end":{"line":20,"column":37}},"6":{"start":{"line":21,"column":0},"end":{"line":21,"column":9}},"7":{"start":{"line":24,"column":27},"end":{"line":40,"column":4}},"8":{"start":{"line":28,"column":8},"end":{"line":28,"column":44}},"9":{"start":{"line":33,"column":8},"end":{"line":33,"column":47}},"10":{"start":{"line":43,"column":30},"end":{"line":43,"column":null}},"11":{"start":{"line":47,"column":44},"end":{"line":47,"column":48}},"12":{"start":{"line":54,"column":4},"end":{"line":58,"column":5}},"13":{"start":{"line":55,"column":6},"end":{"line":55,"column":55}},"14":{"start":{"line":57,"column":6},"end":{"line":57,"column":65}},"15":{"start":{"line":66,"column":4},"end":{"line":100,"column":5}},"16":{"start":{"line":67,"column":22},"end":{"line":67,"column":63}},"17":{"start":{"line":69,"column":25},"end":{"line":69,"column":69}},"18":{"start":{"line":71,"column":27},"end":{"line":72,"column":null}},"19":{"start":{"line":72,"column":19},"end":{"line":72,"column":40}},"20":{"start":{"line":75,"column":6},"end":{"line":77,"column":7}},"21":{"start":{"line":76,"column":8},"end":{"line":76,"column":72}},"22":{"start":{"line":80,"column":8},"end":{"line":81,"column":18}},"23":{"start":{"line":83,"column":34},"end":{"line":84,"column":null}},"24":{"start":{"line":84,"column":19},"end":{"line":84,"column":48}},"25":{"start":{"line":87,"column":6},"end":{"line":91,"column":7}},"26":{"start":{"line":88,"column":8},"end":{"line":90,"column":10}},"27":{"start":{"line":94,"column":8},"end":{"line":95,"column":46}},"28":{"start":{"line":97,"column":6},"end":{"line":97,"column":45}},"29":{"start":{"line":99,"column":6},"end":{"line":99,"column":69}},"30":{"start":{"line":115,"column":4},"end":{"line":117,"column":5}},"31":{"start":{"line":116,"column":6},"end":{"line":116,"column":68}},"32":{"start":{"line":119,"column":4},"end":{"line":119,"column":65}},"33":{"start":{"line":133,"column":4},"end":{"line":135,"column":5}},"34":{"start":{"line":134,"column":6},"end":{"line":134,"column":69}},"35":{"start":{"line":136,"column":4},"end":{"line":136,"column":66}},"36":{"start":{"line":145,"column":19},"end":{"line":145,"column":46}},"37":{"start":{"line":146,"column":4},"end":{"line":148,"column":5}},"38":{"start":{"line":147,"column":6},"end":{"line":147,"column":26}},"39":{"start":{"line":150,"column":4},"end":{"line":177,"column":5}},"40":{"start":{"line":151,"column":21},"end":{"line":151,"column":61}},"41":{"start":{"line":152,"column":20},"end":{"line":152,"column":34}},"42":{"start":{"line":153,"column":6},"end":{"line":155,"column":7}},"43":{"start":{"line":154,"column":8},"end":{"line":154,"column":65}},"44":{"start":{"line":158,"column":8},"end":{"line":158,"column":61}},"45":{"start":{"line":161,"column":6},"end":{"line":164,"column":9}},"46":{"start":{"line":167,"column":6},"end":{"line":170,"column":7}},"47":{"start":{"line":169,"column":8},"end":{"line":169,"column":31}},"48":{"start":{"line":172,"column":6},"end":{"line":172,"column":26}},"49":{"start":{"line":174,"column":6},"end":{"line":176,"column":8}},"50":{"start":{"line":181,"column":16},"end":{"line":181,"column":26}},"51":{"start":{"line":182,"column":4},"end":{"line":186,"column":5}},"52":{"start":{"line":183,"column":6},"end":{"line":185,"column":7}},"53":{"start":{"line":184,"column":8},"end":{"line":184,"column":39}},"54":{"start":{"line":190,"column":4},"end":{"line":194,"column":5}},"55":{"start":{"line":191,"column":6},"end":{"line":191,"column":64}},"56":{"start":{"line":193,"column":6},"end":{"line":193,"column":69}},"57":{"start":{"line":198,"column":4},"end":{"line":204,"column":5}},"58":{"start":{"line":199,"column":6},"end":{"line":199,"column":69}},"59":{"start":{"line":201,"column":6},"end":{"line":203,"column":8}},"60":{"start":{"line":208,"column":4},"end":{"line":208,"column":63}},"61":{"start":{"line":225,"column":25},"end":{"line":225,"column":69}},"62":{"start":{"line":226,"column":4},"end":{"line":245,"column":5}},"63":{"start":{"line":228,"column":6},"end":{"line":236,"column":7}},"64":{"start":{"line":229,"column":8},"end":{"line":235,"column":10}},"65":{"start":{"line":239,"column":6},"end":{"line":242,"column":7}},"66":{"start":{"line":240,"column":31},"end":{"line":240,"column":62}},"67":{"start":{"line":241,"column":8},"end":{"line":241,"column":89}},"68":{"start":{"line":244,"column":6},"end":{"line":244,"column":42}},"69":{"start":{"line":246,"column":4},"end":{"line":246,"column":17}},"70":{"start":{"line":254,"column":4},"end":{"line":258,"column":5}},"71":{"start":{"line":255,"column":6},"end":{"line":255,"column":52}},"72":{"start":{"line":257,"column":6},"end":{"line":257,"column":69}},"73":{"start":{"line":265,"column":21},"end":{"line":269,"column":null}},"74":{"start":{"line":271,"column":4},"end":{"line":280,"column":6}},"75":{"start":{"line":288,"column":4},"end":{"line":297,"column":6}},"76":{"start":{"line":305,"column":4},"end":{"line":311,"column":6}},"77":{"start":{"line":318,"column":4},"end":{"line":322,"column":5}},"78":{"start":{"line":319,"column":6},"end":{"line":319,"column":71}},"79":{"start":{"line":321,"column":6},"end":{"line":321,"column":71}},"80":{"start":{"line":329,"column":36},"end":{"line":336,"column":6}},"81":{"start":{"line":338,"column":23},"end":{"line":342,"column":5}},"82":{"start":{"line":339,"column":6},"end":{"line":341,"column":7}},"83":{"start":{"line":340,"column":8},"end":{"line":340,"column":59}},"84":{"start":{"line":344,"column":4},"end":{"line":510,"column":5}},"85":{"start":{"line":346,"column":22},"end":{"line":346,"column":63}},"86":{"start":{"line":347,"column":21},"end":{"line":347,"column":60}},"87":{"start":{"line":348,"column":25},"end":{"line":348,"column":71}},"88":{"start":{"line":350,"column":27},"end":{"line":351,"column":null}},"89":{"start":{"line":351,"column":20},"end":{"line":351,"column":51}},"90":{"start":{"line":353,"column":34},"end":{"line":354,"column":null}},"91":{"start":{"line":354,"column":42},"end":{"line":354,"column":66}},"92":{"start":{"line":358,"column":6},"end":{"line":367,"column":7}},"93":{"start":{"line":359,"column":8},"end":{"line":361,"column":10}},"94":{"start":{"line":362,"column":8},"end":{"line":362,"column":46}},"95":{"start":{"line":363,"column":8},"end":{"line":363,"column":32}},"96":{"start":{"line":364,"column":8},"end":{"line":364,"column":61}},"97":{"start":{"line":365,"column":8},"end":{"line":365,"column":27}},"98":{"start":{"line":366,"column":8},"end":{"line":366,"column":15}},"99":{"start":{"line":370,"column":26},"end":{"line":370,"column":62}},"100":{"start":{"line":371,"column":27},"end":{"line":371,"column":79}},"101":{"start":{"line":372,"column":25},"end":{"line":372,"column":50}},"102":{"start":{"line":375,"column":6},"end":{"line":375,"column":53}},"103":{"start":{"line":376,"column":6},"end":{"line":381,"column":7}},"104":{"start":{"line":377,"column":8},"end":{"line":380,"column":10}},"105":{"start":{"line":384,"column":6},"end":{"line":384,"column":39}},"106":{"start":{"line":385,"column":6},"end":{"line":386,"column":73}},"107":{"start":{"line":388,"column":6},"end":{"line":391,"column":8}},"108":{"start":{"line":394,"column":6},"end":{"line":402,"column":7}},"109":{"start":{"line":395,"column":8},"end":{"line":397,"column":10}},"110":{"start":{"line":398,"column":8},"end":{"line":398,"column":34}},"111":{"start":{"line":399,"column":8},"end":{"line":399,"column":35}},"112":{"start":{"line":400,"column":8},"end":{"line":400,"column":27}},"113":{"start":{"line":401,"column":8},"end":{"line":401,"column":15}},"114":{"start":{"line":404,"column":24},"end":{"line":404,"column":56}},"115":{"start":{"line":407,"column":6},"end":{"line":493,"column":7}},"116":{"start":{"line":408,"column":25},"end":{"line":411,"column":null}},"117":{"start":{"line":413,"column":27},"end":{"line":413,"column":48}},"118":{"start":{"line":415,"column":8},"end":{"line":440,"column":9}},"119":{"start":{"line":416,"column":10},"end":{"line":418,"column":12}},"120":{"start":{"line":420,"column":24},"end":{"line":420,"column":70}},"121":{"start":{"line":422,"column":10},"end":{"line":424,"column":12}},"122":{"start":{"line":426,"column":10},"end":{"line":426,"column":33}},"123":{"start":{"line":427,"column":10},"end":{"line":427,"column":37}},"124":{"start":{"line":428,"column":10},"end":{"line":428,"column":36}},"125":{"start":{"line":429,"column":10},"end":{"line":429,"column":36}},"126":{"start":{"line":430,"column":10},"end":{"line":430,"column":29}},"127":{"start":{"line":432,"column":10},"end":{"line":432,"column":23}},"128":{"start":{"line":434,"column":10},"end":{"line":436,"column":12}},"129":{"start":{"line":437,"column":10},"end":{"line":437,"column":36}},"130":{"start":{"line":438,"column":10},"end":{"line":438,"column":33}},"131":{"start":{"line":439,"column":10},"end":{"line":439,"column":29}},"132":{"start":{"line":443,"column":11},"end":{"line":493,"column":7}},"133":{"start":{"line":447,"column":25},"end":{"line":452,"column":null}},"134":{"start":{"line":454,"column":27},"end":{"line":454,"column":48}},"135":{"start":{"line":456,"column":8},"end":{"line":487,"column":9}},"136":{"start":{"line":461,"column":10},"end":{"line":463,"column":12}},"137":{"start":{"line":465,"column":24},"end":{"line":465,"column":69}},"138":{"start":{"line":467,"column":10},"end":{"line":467,"column":76}},"139":{"start":{"line":469,"column":10},"end":{"line":471,"column":12}},"140":{"start":{"line":473,"column":10},"end":{"line":473,"column":32}},"141":{"start":{"line":474,"column":10},"end":{"line":474,"column":37}},"142":{"start":{"line":475,"column":10},"end":{"line":475,"column":36}},"143":{"start":{"line":476,"column":10},"end":{"line":476,"column":36}},"144":{"start":{"line":477,"column":10},"end":{"line":477,"column":29}},"145":{"start":{"line":479,"column":10},"end":{"line":479,"column":23}},"146":{"start":{"line":481,"column":10},"end":{"line":483,"column":12}},"147":{"start":{"line":484,"column":10},"end":{"line":484,"column":36}},"148":{"start":{"line":485,"column":10},"end":{"line":485,"column":32}},"149":{"start":{"line":486,"column":10},"end":{"line":486,"column":29}},"150":{"start":{"line":491,"column":8},"end":{"line":491,"column":35}},"151":{"start":{"line":492,"column":8},"end":{"line":492,"column":27}},"152":{"start":{"line":495,"column":6},"end":{"line":503,"column":8}},"153":{"start":{"line":505,"column":6},"end":{"line":505,"column":30}},"154":{"start":{"line":506,"column":6},"end":{"line":506,"column":35}},"155":{"start":{"line":507,"column":6},"end":{"line":507,"column":25}},"156":{"start":{"line":509,"column":6},"end":{"line":509,"column":18}},"157":{"start":{"line":23,"column":0},"end":{"line":23,"column":13}}},"fnMap":{"0":{"name":"(anonymous_0)","decl":{"start":{"line":27,"column":7},"end":{"line":27,"column":10}},"loc":{"start":{"line":27,"column":12},"end":{"line":29,"column":7}}},"1":{"name":"(anonymous_1)","decl":{"start":{"line":32,"column":7},"end":{"line":32,"column":10}},"loc":{"start":{"line":32,"column":12},"end":{"line":34,"column":7}}},"2":{"name":"(anonymous_2)","decl":{"start":{"line":53,"column":9},"end":{"line":53,"column":15}},"loc":{"start":{"line":53,"column":32},"end":{"line":59,"column":3}}},"3":{"name":"(anonymous_3)","decl":{"start":{"line":65,"column":9},"end":{"line":65,"column":15}},"loc":{"start":{"line":65,"column":35},"end":{"line":101,"column":3}}},"4":{"name":"(anonymous_4)","decl":{"start":{"line":72,"column":8},"end":{"line":72,"column":9}},"loc":{"start":{"line":72,"column":19},"end":{"line":72,"column":40}}},"5":{"name":"(anonymous_5)","decl":{"start":{"line":84,"column":8},"end":{"line":84,"column":9}},"loc":{"start":{"line":84,"column":19},"end":{"line":84,"column":48}}},"6":{"name":"(anonymous_6)","decl":{"start":{"line":110,"column":9},"end":{"line":110,"column":15}},"loc":{"start":{"line":113,"column":18},"end":{"line":120,"column":3}}},"7":{"name":"(anonymous_7)","decl":{"start":{"line":128,"column":9},"end":{"line":128,"column":15}},"loc":{"start":{"line":131,"column":18},"end":{"line":137,"column":3}}},"8":{"name":"(anonymous_8)","decl":{"start":{"line":143,"column":9},"end":{"line":143,"column":15}},"loc":{"start":{"line":143,"column":51},"end":{"line":178,"column":3}}},"9":{"name":"(anonymous_9)","decl":{"start":{"line":180,"column":10},"end":{"line":180,"column":16}},"loc":{"start":{"line":180,"column":32},"end":{"line":187,"column":3}}},"10":{"name":"(anonymous_10)","decl":{"start":{"line":189,"column":9},"end":{"line":189,"column":15}},"loc":{"start":{"line":189,"column":51},"end":{"line":195,"column":3}}},"11":{"name":"(anonymous_11)","decl":{"start":{"line":197,"column":9},"end":{"line":197,"column":15}},"loc":{"start":{"line":197,"column":52},"end":{"line":205,"column":3}}},"12":{"name":"(anonymous_12)","decl":{"start":{"line":207,"column":9},"end":{"line":207,"column":15}},"loc":{"start":{"line":207,"column":53},"end":{"line":209,"column":3}}},"13":{"name":"(anonymous_13)","decl":{"start":{"line":219,"column":9},"end":{"line":219,"column":15}},"loc":{"start":{"line":223,"column":20},"end":{"line":247,"column":3}}},"14":{"name":"(anonymous_14)","decl":{"start":{"line":253,"column":9},"end":{"line":253,"column":15}},"loc":{"start":{"line":253,"column":35},"end":{"line":259,"column":3}}},"15":{"name":"(anonymous_15)","decl":{"start":{"line":261,"column":9},"end":{"line":261,"column":15}},"loc":{"start":{"line":263,"column":21},"end":{"line":281,"column":3}}},"16":{"name":"(anonymous_16)","decl":{"start":{"line":283,"column":9},"end":{"line":283,"column":15}},"loc":{"start":{"line":286,"column":20},"end":{"line":298,"column":3}}},"17":{"name":"(anonymous_17)","decl":{"start":{"line":300,"column":9},"end":{"line":300,"column":15}},"loc":{"start":{"line":303,"column":20},"end":{"line":312,"column":3}}},"18":{"name":"(anonymous_18)","decl":{"start":{"line":314,"column":9},"end":{"line":314,"column":15}},"loc":{"start":{"line":316,"column":22},"end":{"line":323,"column":3}}},"19":{"name":"(anonymous_19)","decl":{"start":{"line":325,"column":9},"end":{"line":325,"column":15}},"loc":{"start":{"line":327,"co
[...]
lumn":10},"end":{"line":337,"column":44}},"148":{"start":{"line":342,"column":4},"end":{"line":342,"column":70}},"149":{"start":{"line":349,"column":4},"end":{"line":351,"column":5}},"150":{"start":{"line":350,"column":6},"end":{"line":350,"column":16}},"151":{"start":{"line":353,"column":33},"end":{"line":353,"column":35}},"152":{"start":{"line":355,"column":4},"end":{"line":366,"column":5}},"153":{"start":{"line":355,"column":17},"end":{"line":355,"column":18}},"154":{"start":{"line":356,"column":22},"end":{"line":356,"column":32}},"155":{"start":{"line":357,"column":23},"end":{"line":357,"column":37}},"156":{"start":{"line":359,"column":17},"end":{"line":362,"column":null}},"157":{"start":{"line":365,"column":6},"end":{"line":365,"column":26}},"158":{"start":{"line":369,"column":26},"end":{"line":369,"column":28}},"159":{"start":{"line":370,"column":4},"end":{"line":373,"column":5}},"160":{"start":{"line":370,"column":17},"end":{"line":370,"column":27}},"161":{"start":{"line":371,"column":18},"end":{"line":371,"column":84}},"162":{"start":{"line":371,"column":75},"end":{"line":371,"column":80}},"163":{"start":{"line":372,"column":6},"end":{"line":372,"column":29}},"164":{"start":{"line":375,"column":4},"end":{"line":375,"column":15}},"165":{"start":{"line":21,"column":0},"end":{"line":21,"column":13}}},"fnMap":{"0":{"name":"(anonymous_0)","decl":{"start":{"line":26,"column":2},"end":{"line":26,"column":14}},"loc":{"start":{"line":26,"column":101},"end":{"line":30,"column":3}}},"1":{"name":"(anonymous_1)","decl":{"start":{"line":32,"column":2},"end":{"line":32,"column":9}},"loc":{"start":{"line":32,"column":27},"end":{"line":174,"column":3}}},"2":{"name":"(anonymous_2)","decl":{"start":{"line":52,"column":31},"end":{"line":52,"column":32}},"loc":{"start":{"line":52,"column":38},"end":{"line":52,"column":45}}},"3":{"name":"(anonymous_3)","decl":{"start":{"line":53,"column":30},"end":{"line":53,"column":31}},"loc":{"start":{"line":53,"column":37},"end":{"line":53,"column":43}}},"4":{"name":"(anonymous_4)","decl":{"start":{"line":54,"column":29},"end":{"line":54,"column":30}},"loc":{"start":{"line":54,"column":36},"end":{"line":54,"column":41}}},"5":{"name":"(anonymous_5)","decl":{"start":{"line":179,"column":10},"end":{"line":179,"column":26}},"loc":{"start":{"line":179,"column":58},"end":{"line":199,"column":3}}},"6":{"name":"(anonymous_6)","decl":{"start":{"line":204,"column":10},"end":{"line":204,"column":25}},"loc":{"start":{"line":204,"column":56},"end":{"line":224,"column":3}}},"7":{"name":"(anonymous_7)","decl":{"start":{"line":229,"column":10},"end":{"line":229,"column":24}},"loc":{"start":{"line":233,"column":38},"end":{"line":268,"column":3}}},"8":{"name":"(anonymous_8)","decl":{"start":{"line":235,"column":31},"end":{"line":235,"column":32}},"loc":{"start":{"line":235,"column":38},"end":{"line":235,"column":45}}},"9":{"name":"(anonymous_9)","decl":{"start":{"line":246,"column":41},"end":{"line":246,"column":42}},"loc":{"start":{"line":246,"column":51},"end":{"line":246,"column":56}}},"10":{"name":"(anonymous_10)","decl":{"start":{"line":247,"column":45},"end":{"line":247,"column":46}},"loc":{"start":{"line":247,"column":59},"end":{"line":247,"column":88}}},"11":{"name":"(anonymous_11)","decl":{"start":{"line":254,"column":44},"end":{"line":254,"column":45}},"loc":{"start":{"line":254,"column":54},"end":{"line":254,"column":55}}},"12":{"name":"(anonymous_12)","decl":{"start":{"line":257,"column":30},"end":{"line":257,"column":31}},"loc":{"start":{"line":257,"column":40},"end":{"line":257,"column":45}}},"13":{"name":"(anonymous_13)","decl":{"start":{"line":258,"column":30},"end":{"line":258,"column":31}},"loc":{"start":{"line":258,"column":40},"end":{"line":258,"column":45}}},"14":{"name":"(anonymous_14)","decl":{"start":{"line":259,"column":31},"end":{"line":259,"column":32}},"loc":{"start":{"line":259,"column":47},"end":{"line":259,"column":62}}},"15":{"name":"(anonymous_15)","decl":{"start":{"line":260,"column":31},"end":{"line":260,"column":32}},"loc":{"start":{"line":260,"column":44},"end":{"line":260,"column":57}}},"16":{"name":"(anonymous_16)","decl":{"start":{"line":273,"column":10},"end":{"line":273,"column":29}},"loc":{"start":{"line":279,"column":42},"end":{"line":343,"column":3}}},"17":{"name":"(anonymous_17)","decl":{"start":{"line":348,"column":10},"end":{"line":348,"column":22}},"loc":{"start":{"line":348,"column":56},"end":{"line":376,"column":3}}},"18":{"name":"(anonymous_18)","decl":{"start":{"line":371,"column":65},"end":{"line":371,"column":66}},"loc":{"start":{"line":371,"column":75},"end":{"line":371,"column":80}}}},"branchMap":{"0":{"loc":{"start":{"line":26,"column":14},"end":{"line":26,"column":33}},"type":"default-arg","locations":[{"start":{"line":26,"column":31},"end":{"line":26,"column":33}}]},"1":{"loc":{"start":{"line":26,"column":35},"end":{"line":26,"column":53}},"type":"default-arg","locations":[{"start":{"line":26,"column":50},"end":{"line":26,"column":53}}]},"2":{"loc":{"start":{"line":26,"column":55},"end":{"line":26,"column":101}},"type":"default-arg","locations":[{"start":{"line":26,"column":96},"end":{"line":26,"column":101}}]},"3":{"loc":{"start":{"line":41,"column":4},"end":{"line":50,"column":5}},"type":"if","locations":[{"start":{"line":41,"column":4},"end":{"line":50,"column":5}}]},"4":{"loc":{"start":{"line":69,"column":22},"end":{"line":69,"column":79}},"type":"binary-expr","locations":[{"start":{"line":69,"column":22},"end":{"line":69,"column":63}},{"start":{"line":69,"column":67},"end":{"line":69,"column":79}}]},"5":{"loc":{"start":{"line":70,"column":22},"end":{"line":70,"column":79}},"type":"binary-expr","locations":[{"start":{"line":70,"column":22},"end":{"line":70,"column":63}},{"start":{"line":70,"column":67},"end":{"line":70,"column":79}}]},"6":{"loc":{"start":{"line":73,"column":26},"end":{"line":73,"column":64}},"type":"binary-expr","locations":[{"start":{"line":73,"column":26},"end":{"line":73,"column":59}},{"start":{"line":73,"column":63},"end":{"line":73,"column":64}}]},"7":{"loc":{"start":{"line":74,"column":29},"end":{"line":74,"column":67}},"type":"binary-expr","locations":[{"start":{"line":74,"column":29},"end":{"line":74,"column":62}},{"start":{"line":74,"column":66},"end":{"line":74,"column":67}}]},"8":{"loc":{"start":{"line":75,"column":25},"end":{"line":75,"column":61}},"type":"binary-expr","locations":[{"start":{"line":75,"column":25},"end":{"line":75,"column":56}},{"start":{"line":75,"column":60},"end":{"line":75,"column":61}}]},"9":{"loc":{"start":{"line":76,"column":28},"end":{"line":76,"column":64}},"type":"binary-expr","locations":[{"start":{"line":76,"column":28},"end":{"line":76,"column":59}},{"start":{"line":76,"column":63},"end":{"line":76,"column":64}}]},"10":{"loc":{"start":{"line":97,"column":4},"end":{"line":102,"column":5}},"type":"if","locations":[{"start":{"line":97,"column":4},"end":{"line":102,"column":5}},{"start":{"line":99,"column":11},"end":{"line":102,"column":5}}]},"11":{"loc":{"start":{"line":101,"column":17},"end":{"line":101,"column":67}},"type":"cond-expr","locations":[{"start":{"line":101,"column":62},"end":{"line":101,"column":63}},{"start":{"line":101,"column":66},"end":{"line":101,"column":67}}]},"12":{"loc":{"start":{"line":105,"column":4},"end":{"line":110,"column":5}},"type":"if","locations":[{"start":{"line":105,"column":4},"end":{"line":110,"column":5}},{"start":{"line":107,"column":11},"end":{"line":110,"column":5}}]},"13":{"loc":{"start":{"line":109,"column":17},"end":{"line":109,"column":67}},"type":"cond-expr","locations":[{"start":{"line":109,"column":62},"end":{"line":109,"column":63}},{"start":{"line":109,"column":66},"end":{"line":109,"column":67}}]},"14":{"loc":{"start":{"line":113,"column":4},"end":{"line":117,"column":5}},"type":"if","locations":[{"start":{"line":113,"column":4},"end":{"line":117,"column":5}},{"start":{"line":115,"column":11},"end":{"line":117,"column":5}}]},"15":{"loc":{"start":{"line":116,"column":13},"end":{"line":116,"column":59}},"type":"cond-expr","locations":[{"start":{"line":116,"column":54},"end":{"line":116,"column":55}},{"start":{"line":116,"column":58},"end":{"line":116,"column":59}}]},"16":{"loc":{"start":{"line":120,"column":4},"end":{"line":124,"column":5}},"type":"if","locations":[{"start":{"line":120,"column":4},"end":{"line":124,"column":5}},{"start":{"line":122,"column":11},"end":{"line":124,"column":5}}]},"17":{"loc":{"start":{"line":123,"column":13},"end":{"line":123,"column":59}},"type":"cond-expr","locations":[{"start":{"line":123,"column":54},"end":{"line":123,"column":55}},{"start":{"line":123,"column":58},"end":{"line":123,"column":59}}]},"18":{"loc":{"start":{"line":133,"column":4},"end":{"line":160,"column":5}},"type":"if","locations":[{"start":{"line":133,"column":4},"end":{"line":160,"column":5}}]},"19":{"loc":{"start":{"line":136,"column":25},"end":{"line":136,"column":65}},"type":"cond-expr","locations":[{"start":{"line":136,"column":42},"end":{"line":136,"column":61}},{"start":{"line":136,"column":64},"end":{"line":136,"column":65}}]},"20":{"loc":{"start":{"line":149,"column":30},"end":{"line":149,"column":78}},"type":"cond-expr","locations":[{"start":{"line":149,"column":58},"end":{"line":149,"column":74}},{"start":{"line":149,"column":77},"end":{"line":149,"column":78}}]},"21":{"loc":{"start":{"line":149,"column":30},"end":{"line":149,"column":55}},"type":"binary-expr","locations":[{"start":{"line":149,"column":30},"end":{"line":149,"column":40}},{"start":{"line":149,"column":44},"end":{"line":149,"column":55}}]},"22":{"loc":{"start":{"line":188,"column":8},"end":{"line":191,"column":9}},"type":"if","locations":[{"start":{"line":188,"column":8},"end":{"line":191,"column":9}}]},"23":{"loc":{"start":{"line":188,"column":12},"end":{"line":188,"column":70}},"type":"binary-expr","locations":[{"start":{"line":188,"column":12},"end":{"line":188,"column":39}},{"start":{"line":188,"column":43},"end":{"line":188,"column":70}}]},"24":{"loc":{"start":{"line":194,"column":18},"end":{"line":194,"column":43}},"type":"cond-expr","locations":[{"start":{"line":194,"column":28},"end":{"line":194,"column":39}},{"start":{"line":194,"column":42},"end":{"line":194,"column":43}}]},"25":{"loc":{"start":{"line":213,"column":8},"end":{"line":216,"column":9}},"type":"if","locations":[{"start":{"line":213,"column":8},"end":{"line":216,"column":9}}]},"26":{"loc":{"start":{"line":213,"column":12},"end":{"line":213,"column":66}},"type":"binary-expr","locations":[{"start":{"line":213,"column":12},"end":{"line":213,"column":37}},{"start":{"line":213,"column":41},"end":{"line":213,"column":66}}]},"27":{"loc":{"start":{"line":219,"column":18},"end":{"line":219,"column":42}},"type":"cond-expr","locations":[{"start":{"line":219,"column":28},"end":{"line":219,"column":38}},{"start":{"line":219,"column":41},"end":{"line":219,"column":42}}]},"28":{"loc":{"start":{"line":237,"column":4},"end":{"line":267,"column":5}},"type":"switch","locations":[{"start":{"line":238,"column":6},"end":{"line":241,"column":44}},{"start":{"line":243,"column":6},"end":{"line":249,"column":39}},{"start":{"line":251,"column":6},"end":{"line":263,"column":38}},{"start":{"line":265,"column":6},"end":{"line":266,"column":17}}]},"29":{"loc":{"start":{"line":240,"column":27},"end":{"line":240,"column":67}},"type":"cond-expr","locations":[{"start":{"line":240,"column":44},"end":{"line":240,"column":63}},{"start":{"line":240,"column":66},"end":{"line":240,"column":67}}]},"30":{"loc":{"start":{"line":306,"column":6},"end":{"line":321,"column":7}},"type":"if","locations":[{"start":{"line":306,"column":6},"end":{"line":321,"column":7}},{"start":{"line":311,"column":13},"end":{"line":321,"column":7}}]},"31":{"loc":{"start":{"line":313,"column":8},"end":{"line":320,"column":9}},"type":"if","locations":[{"start":{"line":313,"column":8},"end":{"line":320,"column":9}},{"start":{"line":316,"column":15},"end":{"line":320,"column":9}}]},"32":{"loc":{"start":{"line":324,"column":6},"end":{"line":339,"column":7}},"type":"if","locations":[{"start":{"line":324,"column":6},"end":{"line":339,"column":7}},{"start":{"line":329,"column":13},"end":{"line":339,"column":7}}]},"33":{"loc":{"start":{"line":331,"column":8},"end":{"line":338,"column":9}},"type":"if","locations":[{"start":{"line":331,"column":8},"end":{"line":338,"column":9}},{"start":{"line":334,"column":15},"end":{"line":338,"column":9}}]},"34":{"loc":{"start":{"line":349,"column":4},"end":{"line":351,"column":5}},"type":"if","locations":[{"start":{"line":349,"column":4},"end":{"line":351,"column":5}}]}},"s":{"0":1,"1":1,"2":1,"3":1,"4":20,"5":20,"6":20,"7":20,"8":20,"9":20,"10":14,"11":1,"12":13,"13":580,"14":13,"15":580,"16":13,"17":580,"18":13,"19":13,"20":13,"21":13,"22":13,"23":13,"24":13,"25":13,"26":13,"27":13,"28":13,"29":13,"30":13,"31":13,"32":13,"33":13,"34":13,"35":13,"36":13,"37":13,"38":13,"39":13,"40":0,"41":13,"42":13,"43":0,"44":13,"45":13,"46":0,"47":13,"48":13,"49":0,"50":13,"51":13,"52":13,"53":13,"54":0,"55":0,"56":0,"57":0,"58":0,"59":0,"60":0,"61":0,"62":0,"63":0,"64":0,"65":0,"66":13,"67":13,"68":13,"69":13,"70":204,"71":204,"72":204,"73":204,"74":243,"75":201,"76":201,"77":204,"78":13,"79":13,"80":13,"81":13,"82":204,"83":204,"84":204,"85":204,"86":243,"87":201,"88":201,"89":204,"90":13,"91":580,"92":26491,"93":580,"94":520,"95":520,"96":520,"97":30,"98":30,"99":329,"100":30,"101":329,"102":30,"103":30,"104":30,"105":30,"106":465,"107":30,"108":30,"109":465,"110":30,"111":465,"112":30,"113":465,"114":30,"115":465,"116":30,"117":30,"118":0,"119":13,"120":13,"121":13,"122":13,"123":13,"124":13,"125":13,"126":13,"127":580,"128":580,"129":580,"130":580,"131":3,"132":3,"133":3,"134":577,"135":564,"136":564,"137":13,"138":13,"139":580,"140":3,"141":3,"142":3,"143":577,"144":564,"145":564,"146":13,"147":13,"148":13,"149":520,"150":160,"151":360,"152":360,"153":360,"154":23941,"155":23941,"156":23941,"157":23941,"158":360,"159":360,"160":360,"161":19081,"162":269924,"163":19081,"164":360,"165":1},"f":{"0":20,"1":14,"2":580,"3":580,"4":580,"5":13,"6":13,"7":580,"8":26491,"9":329,"10":329,"11":465,"12":465,"13":465,"14":465,"15":465,"16":13,"17":520,"18":269924},"b":{"0":[15],"1":[15],"2":[15],"3":[1],"4":[13,0],"5":[13,0],"6":[13,13],"7":[13,13],"8":[13,13],"9":[13,13],"10":[0,13],"11":[9,4],"12":[0,13],"13":[3,10],"14":[0,13],"15":[9,4],"16":[0,13],"17":[3,10],"18":[0],"19":[0,0],"20":[0,0],"21":[0,0],"22":[201],"23":[243,133],"24":[3,201],"25":[201],"26":[243,149],"27":[3,201],"28":[520,30,30,0],"29":[360,160],"30":[3,577],"31":[564,13],"32":[3,577],"33":[564,13],"34":[160]}}
,"D:\\WORK\\bot\\bot\\apps\\trading-bot\\src\\utils\\memory-monitor.ts": {"path":"D:\\WORK\\bot\\bot\\apps\\trading-bot\\src\\utils\\memory-monitor.ts","statementMap":{"0":{"start":{"line":1,"column":0},"end":{"line":1,"column":53}},"1":{"start":{"line":5,"column":46},"end":{"line":5,"column":50}},"2":{"start":{"line":6,"column":41},"end":{"line":6,"column":44}},"3":{"start":{"line":7,"column":43},"end":{"line":7,"column":46}},"4":{"start":{"line":8,"column":41},"end":{"line":8,"column":51}},"5":{"start":{"line":13,"column":4},"end":{"line":15,"column":5}},"6":{"start":{"line":14,"column":6},"end":{"line":14,"column":51}},"7":{"start":{"line":16,"column":4},"end":{"line":16,"column":34}},"8":{"start":{"line":20,"column":4},"end":{"line":22,"column":5}},"9":{"start":{"line":21,"column":6},"end":{"line":21,"column":13}},"10":{"start":{"line":24,"column":4},"end":{"line":26,"column":33}},"11":{"start":{"line":25,"column":6},"end":{"line":25,"column":30}},"12":{"start":{"line":28,"column":4},"end":{"line":28,"column":48}},"13":{"start":{"line":32,"column":4},"end":{"line":36,"column":5}},"14":{"start":{"line":33,"column":6},"end":{"line":33,"column":37}},"15":{"start":{"line":34,"column":6},"end":{"line":34,"column":29}},"16":{"start":{"line":35,"column":6},"end":{"line":35,"column":50}},"17":{"start":{"line":40,"column":21},"end":{"line":40,"column":42}},"18":{"start":{"line":41,"column":23},"end":{"line":41,"column":54}},"19":{"start":{"line":42,"column":18},"end":{"line":42,"column":44}},"20":{"start":{"line":45,"column":4},"end":{"line":49,"column":6}},"21":{"start":{"line":52,"column":4},"end":{"line":64,"column":5}},"22":{"start":{"line":53,"column":6},"end":{"line":57,"column":8}},"23":{"start":{"line":58,"column":6},"end":{"line":58,"column":36}},"24":{"start":{"line":59,"column":11},"end":{"line":64,"column":5}},"25":{"start":{"line":60,"column":6},"end":{"line":62,"column":8}},"26":{"start":{"line":63,"column":6},"end":{"line":63,"column":36}},"27":{"start":{"line":68,"column":4},"end":{"line":76,"column":5}},"28":{"start":{"line":69,"column":23},"end":{"line":69,"column":67}},"29":{"start":{"line":70,"column":6},"end":{"line":70,"column":18}},"30":{"start":{"line":71,"column":22},"end":{"line":71,"column":66}},"31":{"start":{"line":72,"column":20},"end":{"line":72,"column":38}},"32":{"start":{"line":73,"column":6},"end":{"line":75,"column":8}},"33":{"start":{"line":86,"column":21},"end":{"line":86,"column":42}},"34":{"start":{"line":87,"column":4},"end":{"line":93,"column":6}},"35":{"start":{"line":3,"column":0},"end":{"line":3,"column":13}}},"fnMap":{"0":{"name":"(anonymous_0)","decl":{"start":{"line":10,"column":2},"end":{"line":10,"column":25}},"loc":{"start":{"line":10,"column":2},"end":{"line":10,"column":26}}},"1":{"name":"(anonymous_1)","decl":{"start":{"line":12,"column":9},"end":{"line":12,"column":15}},"loc":{"start":{"line":12,"column":27},"end":{"line":17,"column":3}}},"2":{"name":"(anonymous_2)","decl":{"start":{"line":19,"column":9},"end":{"line":19,"column":24}},"loc":{"start":{"line":19,"column":24},"end":{"line":29,"column":3}}},"3":{"name":"(anonymous_3)","decl":{"start":{"line":24,"column":34},"end":{"line":24,"column":37}},"loc":{"start":{"line":24,"column":39},"end":{"line":26,"column":5}}},"4":{"name":"(anonymous_4)","decl":{"start":{"line":31,"column":9},"end":{"line":31,"column":23}},"loc":{"start":{"line":31,"column":23},"end":{"line":37,"column":3}}},"5":{"name":"(anonymous_5)","decl":{"start":{"line":39,"column":10},"end":{"line":39,"column":26}},"loc":{"start":{"line":39,"column":26},"end":{"line":65,"column":3}}},"6":{"name":"(anonymous_6)","decl":{"start":{"line":67,"column":10},"end":{"line":67,"column":32}},"loc":{"start":{"line":67,"column":32},"end":{"line":77,"column":3}}},"7":{"name":"(anonymous_7)","decl":{"start":{"line":79,"column":9},"end":{"line":79,"column":23}},"loc":{"start":{"line":79,"column":23},"end":{"line":94,"column":3}}}},"branchMap":{"0":{"loc":{"start":{"line":13,"column":4},"end":{"line":15,"column":5}},"type":"if","locations":[{"start":{"line":13,"column":4},"end":{"line":15,"column":5}}]},"1":{"loc":{"start":{"line":20,"column":4},"end":{"line":22,"column":5}},"type":"if","locations":[{"start":{"line":20,"column":4},"end":{"line":22,"column":5}}]},"2":{"loc":{"start":{"line":32,"column":4},"end":{"line":36,"column":5}},"type":"if","locations":[{"start":{"line":32,"column":4},"end":{"line":36,"column":5}}]},"3":{"loc":{"start":{"line":52,"column":4},"end":{"line":64,"column":5}},"type":"if","locations":[{"start":{"line":52,"column":4},"end":{"line":64,"column":5}},{"start":{"line":59,"column":11},"end":{"line":64,"column":5}}]},"4":{"loc":{"start":{"line":59,"column":11},"end":{"line":64,"column":5}},"type":"if","locations":[{"start":{"line":59,"column":11},"end":{"line":64,"column":5}}]},"5":{"loc":{"start":{"line":68,"column":4},"end":{"line":76,"column":5}},"type":"if","locations":[{"start":{"line":68,"column":4},"end":{"line":76,"column":5}}]}},"s":{"0":1,"1":12,"2":12,"3":12,"4":12,"5":14,"6":12,"7":14,"8":10,"9":2,"10":8,"11":5,"12":8,"13":14,"14":8,"15":8,"16":8,"17":5,"18":5,"19":5,"20":5,"21":5,"22":1,"23":1,"24":4,"25":2,"26":2,"27":3,"28":1,"29":1,"30":1,"31":1,"32":1,"33":2,"34":2,"35":1},"f":{"0":12,"1":14,"2":10,"3":5,"4":14,"5":5,"6":3,"7":2},"b":{"0":[12],"1":[2],"2":[8],"3":[1,4],"4":[2],"5":[1]}}
}
