TN:
SF:apps\trading-bot\src\app.ts
FN:42,runTradingBot
FN:164,checkAndAdjustStopLoss
FN:206,(anonymous_2)
FN:292,setupExistingPosition
FN:298,(anonymous_4)
FN:299,(anonymous_5)
FN:345,(anonymous_6)
FN:345,(anonymous_7)
FN:359,(anonymous_8)
FN:362,(anonymous_9)
FN:382,(anonymous_10)
FN:407,(anonymous_11)
FN:576,main
FN:691,(anonymous_13)
FN:695,(anonymous_14)
FNF:15
FNH:2
FNDA:0,runTradingBot
FNDA:0,checkAndAdjustStopLoss
FNDA:0,(anonymous_2)
FNDA:2,setupExistingPosition
FNDA:0,(anonymous_4)
FNDA:0,(anonymous_5)
FNDA:0,(anonymous_6)
FNDA:0,(anonymous_7)
FNDA:0,(anonymous_8)
FNDA:0,(anonymous_9)
FNDA:0,(anonymous_10)
FNDA:0,(anonymous_11)
FNDA:2,main
FNDA:0,(anonymous_13)
FNDA:0,(anonymous_14)
DA:1,2
DA:2,2
DA:9,2
DA:10,2
DA:11,2
DA:12,2
DA:13,2
DA:14,2
DA:15,2
DA:16,2
DA:17,2
DA:19,2
DA:21,2
DA:22,2
DA:33,2
DA:35,2
DA:43,0
DA:44,0
DA:45,0
DA:46,0
DA:49,0
DA:50,0
DA:51,0
DA:53,0
DA:65,0
DA:66,0
DA:67,0
DA:68,0
DA:72,0
DA:73,0
DA:74,0
DA:76,0
DA:80,0
DA:86,0
DA:87,0
DA:88,0
DA:90,0
DA:91,0
DA:95,0
DA:97,0
DA:99,0
DA:101,0
DA:102,0
DA:103,0
DA:109,0
DA:110,0
DA:111,0
DA:112,0
DA:116,0
DA:117,0
DA:118,0
DA:119,0
DA:120,0
DA:124,0
DA:132,0
DA:133,0
DA:140,0
DA:142,0
DA:144,0
DA:145,0
DA:151,0
DA:152,0
DA:165,0
DA:166,0
DA:169,0
DA:170,0
DA:173,0
DA:176,0
DA:177,0
DA:178,0
DA:181,0
DA:182,0
DA:185,0
DA:186,0
DA:190,0
DA:191,0
DA:192,0
DA:193,0
DA:196,0
DA:197,0
DA:201,0
DA:202,0
DA:205,0
DA:206,0
DA:207,0
DA:211,0
DA:212,0
DA:213,0
DA:214,0
DA:215,0
DA:218,0
DA:220,0
DA:227,0
DA:228,0
DA:231,0
DA:232,0
DA:235,0
DA:236,0
DA:238,0
DA:242,0
DA:243,0
DA:244,0
DA:248,0
DA:252,0
DA:254,0
DA:260,0
DA:261,0
DA:262,0
DA:264,0
DA:269,0
DA:273,0
DA:274,0
DA:275,0
DA:277,0
DA:282,0
DA:285,0
DA:293,2
DA:294,2
DA:297,2
DA:298,0
DA:299,0
DA:300,0
DA:304,0
DA:305,0
DA:306,0
DA:307,0
DA:308,0
DA:310,0
DA:311,0
DA:315,0
DA:316,0
DA:320,0
DA:321,0
DA:322,0
DA:325,0
DA:330,0
DA:333,0
DA:334,0
DA:337,0
DA:341,0
DA:342,0
DA:343,0
DA:344,0
DA:345,0
DA:346,0
DA:347,0
DA:355,0
DA:356,0
DA:359,0
DA:360,0
DA:362,0
DA:364,0
DA:373,0
DA:374,0
DA:378,0
DA:379,0
DA:382,0
DA:384,0
DA:393,0
DA:394,0
DA:399,0
DA:401,0
DA:402,0
DA:405,0
DA:407,0
DA:410,0
DA:411,0
DA:412,0
DA:413,0
DA:414,0
DA:417,0
DA:420,0
DA:421,0
DA:425,0
DA:432,0
DA:433,0
DA:437,0
DA:442,0
DA:443,0
DA:447,0
DA:453,0
DA:454,0
DA:457,0
DA:462,0
DA:464,0
DA:465,0
DA:466,0
DA:469,0
DA:471,0
DA:475,0
DA:476,0
DA:480,0
DA:481,0
DA:482,0
DA:487,0
DA:488,0
DA:490,0
DA:491,0
DA:492,0
DA:493,0
DA:496,0
DA:497,0
DA:501,0
DA:506,0
DA:512,0
DA:518,0
DA:519,0
DA:522,0
DA:523,0
DA:529,0
DA:530,0
DA:531,0
DA:532,0
DA:533,0
DA:537,0
DA:542,0
DA:550,0
DA:555,0
DA:565,0
DA:566,0
DA:568,2
DA:569,2
DA:577,2
DA:578,2
DA:581,2
DA:584,2
DA:586,2
DA:588,2
DA:590,2
DA:591,0
DA:597,2
DA:602,1
DA:603,0
DA:606,0
DA:612,0
DA:615,0
DA:616,0
DA:618,0
DA:620,0
DA:621,0
DA:622,0
DA:623,0
DA:624,0
DA:625,0
DA:626,0
DA:628,0
DA:631,0
DA:634,0
DA:637,0
DA:640,0
DA:643,0
DA:646,0
DA:649,0
DA:652,0
DA:655,0
DA:658,0
DA:660,0
DA:664,0
DA:665,0
DA:670,0
DA:672,1
DA:673,1
DA:676,1
DA:677,1
DA:681,2
DA:691,2
DA:692,0
DA:695,2
DA:696,0
DA:699,2
LF:270
LH:38
BRDA:42,0,0,0
BRDA:66,1,0,0
BRDA:66,1,1,0
BRDA:67,2,0,0
BRDA:67,2,1,0
BRDA:72,3,0,0
BRDA:86,4,0,0
BRDA:86,5,0,0
BRDA:86,5,1,0
BRDA:90,6,0,0
BRDA:90,6,1,0
BRDA:90,7,0,0
BRDA:90,7,1,0
BRDA:92,8,0,0
BRDA:92,8,1,0
BRDA:99,9,0,0
BRDA:99,10,0,0
BRDA:99,10,1,0
BRDA:102,11,0,0
BRDA:103,12,0,0
BRDA:103,12,1,0
BRDA:109,13,0,0
BRDA:109,14,0,0
BRDA:109,14,1,0
BRDA:112,15,0,0
BRDA:112,15,1,0
BRDA:112,16,0,0
BRDA:112,16,1,0
BRDA:117,17,0,0
BRDA:117,17,1,0
BRDA:117,18,0,0
BRDA:117,18,1,0
BRDA:118,19,0,0
BRDA:118,19,1,0
BRDA:119,20,0,0
BRDA:126,21,0,0
BRDA:126,21,1,0
BRDA:142,22,0,0
BRDA:142,23,0,0
BRDA:142,23,1,0
BRDA:144,24,0,0
BRDA:144,24,1,0
BRDA:146,25,0,0
BRDA:146,25,1,0
BRDA:165,26,0,0
BRDA:181,27,0,0
BRDA:192,28,0,0
BRDA:202,29,0,0
BRDA:202,29,1,0
BRDA:207,30,0,0
BRDA:207,30,1,0
BRDA:211,31,0,0
BRDA:211,32,0,0
BRDA:211,32,1,0
BRDA:221,33,0,0
BRDA:221,33,1,0
BRDA:227,34,0,0
BRDA:227,34,1,0
BRDA:227,35,0,0
BRDA:227,35,1,0
BRDA:231,36,0,0
BRDA:231,36,1,0
BRDA:235,37,0,0
BRDA:252,38,0,0
BRDA:260,39,0,0
BRDA:265,40,0,0
BRDA:265,40,1,0
BRDA:273,41,0,0
BRDA:273,42,0,0
BRDA:273,42,1,0
BRDA:298,43,0,0
BRDA:298,43,1,0
BRDA:300,44,0,0
BRDA:300,44,1,0
BRDA:306,45,0,0
BRDA:306,45,1,0
BRDA:307,46,0,0
BRDA:307,46,1,0
BRDA:310,47,0,0
BRDA:321,48,0,0
BRDA:333,49,0,0
BRDA:344,50,0,0
BRDA:344,51,0,0
BRDA:344,51,1,0
BRDA:346,52,0,0
BRDA:355,53,0,0
BRDA:355,54,0,0
BRDA:355,54,1,0
BRDA:360,55,0,0
BRDA:360,55,1,0
BRDA:362,56,0,0
BRDA:362,56,1,0
BRDA:366,57,0,0
BRDA:366,57,1,0
BRDA:366,57,2,0
BRDA:367,58,0,0
BRDA:367,58,1,0
BRDA:378,59,0,0
BRDA:378,60,0,0
BRDA:378,60,1,0
BRDA:382,61,0,0
BRDA:382,61,1,0
BRDA:387,62,0,0
BRDA:387,62,1,0
BRDA:399,63,0,0
BRDA:399,63,1,0
BRDA:399,64,0,0
BRDA:399,64,1,0
BRDA:399,64,2,0
BRDA:401,65,0,0
BRDA:401,66,0,0
BRDA:401,66,1,0
BRDA:412,67,0,0
BRDA:412,67,1,0
BRDA:413,68,0,0
BRDA:413,68,1,0
BRDA:418,69,0,0
BRDA:418,69,1,0
BRDA:418,70,0,0
BRDA:418,70,1,0
BRDA:420,71,0,0
BRDA:420,72,0,0
BRDA:420,72,1,0
BRDA:420,72,2,0
BRDA:422,73,0,0
BRDA:422,73,1,0
BRDA:422,74,0,0
BRDA:422,74,1,0
BRDA:442,75,0,0
BRDA:442,75,1,0
BRDA:458,76,0,0
BRDA:458,76,1,0
BRDA:462,77,0,0
BRDA:462,77,1,0
BRDA:462,78,0,0
BRDA:462,78,1,0
BRDA:466,79,0,0
BRDA:466,79,1,0
BRDA:475,80,0,0
BRDA:475,80,1,0
BRDA:487,81,0,0
BRDA:487,81,1,0
BRDA:488,82,0,0
BRDA:488,82,1,0
BRDA:488,83,0,0
BRDA:488,83,1,0
BRDA:491,84,0,0
BRDA:491,84,1,0
BRDA:491,85,0,0
BRDA:491,85,1,0
BRDA:502,86,0,0
BRDA:502,86,1,0
BRDA:518,87,0,0
BRDA:518,87,1,0
BRDA:522,88,0,0
BRDA:529,89,0,0
BRDA:529,89,1,0
BRDA:538,90,0,0
BRDA:538,90,1,0
BRDA:551,91,0,0
BRDA:551,91,1,0
BRDA:590,92,0,0
BRDA:602,93,0,0
BRDA:615,94,0,0
BRDA:615,95,0,0
BRDA:615,95,1,0
BRDA:622,96,0,0
BRDA:622,96,1,0
BRDA:685,97,0,2
BRDA:685,97,1,0
BRDA:686,98,0,2
BRDA:686,98,1,0
BRF:172
BRH:2
end_of_record
TN:
SF:apps\trading-bot\src\constants.ts
FNF:0
FNH:0
DA:14,10
DA:15,10
DA:50,10
DA:58,10
DA:60,10
DA:61,10
DA:62,10
DA:63,10
DA:66,10
DA:67,10
DA:68,10
DA:69,10
DA:70,10
DA:73,10
DA:74,10
DA:75,10
DA:76,10
DA:77,10
DA:78,10
LF:19
LH:19
BRF:0
BRH:0
end_of_record
TN:
SF:apps\trading-bot\src\core\utils.ts
FN:3,convertStringToNumbers
FN:5,(anonymous_1)
FN:39,delay
FN:40,(anonymous_3)
FN:43,getMACDHistogramColorLabels
FNF:5
FNH:5
FNDA:24,convertStringToNumbers
FNDA:45,(anonymous_1)
FNDA:1,delay
FNDA:1,(anonymous_3)
FNDA:14,getMACDHistogramColorLabels
DA:3,5
DA:5,24
DA:19,45
DA:22,45
DA:39,5
DA:40,1
DA:43,5
DA:45,14
DA:46,2
DA:50,12
DA:52,12
DA:53,1884
DA:54,1884
DA:56,1884
DA:61,12
LF:15
LH:15
BRDA:45,0,0,2
BRDA:45,1,0,14
BRDA:45,1,1,14
BRDA:56,2,0,1616
BRDA:56,2,1,268
BRDA:57,3,0,120
BRDA:57,3,1,1496
BRDA:58,4,0,212
BRDA:58,4,1,56
BRF:9
BRH:9
end_of_record
TN:
SF:apps\trading-bot\src\models\operation.enum.ts
FNF:0
FNH:0
DA:1,9
LF:1
LH:1
BRF:0
BRH:0
end_of_record
TN:
SF:apps\trading-bot\src\models\tick-interval.model.ts
FN:1,(anonymous_0)
FN:19,(anonymous_1)
FN:22,(anonymous_2)
FN:25,(anonymous_3)
FN:28,(anonymous_4)
FN:30,(anonymous_5)
FN:35,convertIntervalToMS
FNF:7
FNH:7
FNDA:3,(anonymous_0)
FNDA:22,(anonymous_1)
FNDA:9,(anonymous_2)
FNDA:4,(anonymous_3)
FNDA:4,(anonymous_4)
FNDA:21,(anonymous_5)
FNDA:18,convertIntervalToMS
DA:1,3
DA:2,3
DA:3,3
DA:4,3
DA:5,3
DA:6,3
DA:7,3
DA:8,3
DA:9,3
DA:10,3
DA:11,3
DA:12,3
DA:13,3
DA:14,3
DA:15,3
DA:17,3
DA:20,22
DA:23,9
DA:26,4
DA:29,4
DA:30,21
DA:31,4
DA:35,3
DA:36,18
DA:37,18
DA:38,18
DA:39,18
DA:40,18
DA:42,18
DA:44,2
DA:46,1
DA:48,1
DA:50,2
DA:52,2
DA:54,1
DA:56,1
DA:58,1
DA:60,1
DA:62,1
DA:64,2
DA:66,1
DA:68,1
DA:70,1
LF:43
LH:43
BRDA:1,0,0,3
BRDA:1,0,1,3
BRDA:42,1,0,2
BRDA:42,1,1,1
BRDA:42,1,2,1
BRDA:42,1,3,2
BRDA:42,1,4,2
BRDA:42,1,5,1
BRDA:42,1,6,1
BRDA:42,1,7,1
BRDA:42,1,8,1
BRDA:42,1,9,1
BRDA:42,1,10,2
BRDA:42,1,11,1
BRDA:42,1,12,1
BRDA:42,1,13,1
BRF:16
BRH:16
end_of_record
TN:
SF:apps\trading-bot\src\services\api-client.service.ts
FN:43,(anonymous_0)
FN:51,(anonymous_1)
FN:85,(anonymous_2)
FN:97,(anonymous_3)
FN:103,(anonymous_4)
FN:115,(anonymous_5)
FN:125,(anonymous_6)
FN:130,(anonymous_7)
FN:136,(anonymous_8)
FN:139,(anonymous_9)
FN:155,(anonymous_10)
FN:158,(anonymous_11)
FNF:12
FNH:12
FNDA:16,(anonymous_0)
FNDA:1,(anonymous_1)
FNDA:4,(anonymous_2)
FNDA:1,(anonymous_3)
FNDA:1,(anonymous_4)
FNDA:4,(anonymous_5)
FNDA:2,(anonymous_6)
FNDA:2,(anonymous_7)
FNDA:2,(anonymous_8)
FNDA:3,(anonymous_9)
FNDA:1,(anonymous_10)
FNDA:1,(anonymous_11)
DA:1,3
DA:38,3
DA:40,3
DA:41,3
DA:48,16
DA:49,16
DA:50,16
DA:51,16
DA:53,16
DA:61,16
DA:62,11
DA:65,16
DA:66,12
DA:68,12
DA:69,1
DA:72,11
DA:74,5
DA:80,5
DA:88,4
DA:93,4
DA:98,1
DA:99,1
DA:106,1
DA:111,1
DA:119,4
DA:122,4
DA:126,2
DA:131,2
DA:132,2
DA:139,2
DA:140,3
DA:143,2
DA:144,2
DA:146,0
DA:156,1
DA:161,1
DA:169,1
LF:37
LH:36
BRDA:40,0,0,3
BRDA:40,0,1,3
BRDA:45,1,0,5
BRDA:61,2,0,11
BRDA:61,3,0,16
BRDA:61,3,1,11
BRDA:61,3,2,4
BRDA:68,4,0,1
BRF:8
BRH:8
end_of_record
TN:
SF:apps\trading-bot\src\services\binance-api.service.ts
FN:27,(anonymous_0)
FN:32,(anonymous_1)
FN:53,(anonymous_2)
FN:65,(anonymous_3)
FN:72,(anonymous_4)
FN:84,(anonymous_5)
FN:110,(anonymous_6)
FN:128,(anonymous_7)
FN:143,(anonymous_8)
FN:180,(anonymous_9)
FN:189,(anonymous_10)
FN:197,(anonymous_11)
FN:207,(anonymous_12)
FN:219,(anonymous_13)
FN:253,(anonymous_14)
FN:261,(anonymous_15)
FN:283,(anonymous_16)
FN:300,(anonymous_17)
FN:314,(anonymous_18)
FN:325,(anonymous_19)
FN:338,(anonymous_20)
FN:351,(anonymous_21)
FN:354,(anonymous_22)
FNF:23
FNH:0
FNDA:0,(anonymous_0)
FNDA:0,(anonymous_1)
FNDA:0,(anonymous_2)
FNDA:0,(anonymous_3)
FNDA:0,(anonymous_4)
FNDA:0,(anonymous_5)
FNDA:0,(anonymous_6)
FNDA:0,(anonymous_7)
FNDA:0,(anonymous_8)
FNDA:0,(anonymous_9)
FNDA:0,(anonymous_10)
FNDA:0,(anonymous_11)
FNDA:0,(anonymous_12)
FNDA:0,(anonymous_13)
FNDA:0,(anonymous_14)
FNDA:0,(anonymous_15)
FNDA:0,(anonymous_16)
FNDA:0,(anonymous_17)
FNDA:0,(anonymous_18)
FNDA:0,(anonymous_19)
FNDA:0,(anonymous_20)
FNDA:0,(anonymous_21)
FNDA:0,(anonymous_22)
DA:1,2
DA:2,2
DA:9,2
DA:17,2
DA:18,2
DA:20,2
DA:21,2
DA:23,2
DA:24,2
DA:28,0
DA:33,0
DA:43,2
DA:47,2
DA:54,0
DA:55,0
DA:57,0
DA:66,0
DA:67,0
DA:69,0
DA:71,0
DA:72,0
DA:75,0
DA:76,0
DA:80,0
DA:83,0
DA:84,0
DA:87,0
DA:88,0
DA:94,0
DA:97,0
DA:99,0
DA:115,0
DA:116,0
DA:119,0
DA:133,0
DA:134,0
DA:136,0
DA:145,0
DA:146,0
DA:147,0
DA:150,0
DA:151,0
DA:152,0
DA:153,0
DA:154,0
DA:158,0
DA:161,0
DA:167,0
DA:169,0
DA:172,0
DA:174,0
DA:181,0
DA:182,0
DA:183,0
DA:184,0
DA:190,0
DA:191,0
DA:193,0
DA:198,0
DA:199,0
DA:201,0
DA:208,0
DA:225,0
DA:226,0
DA:228,0
DA:229,0
DA:239,0
DA:240,0
DA:241,0
DA:244,0
DA:246,0
DA:254,0
DA:255,0
DA:257,0
DA:265,0
DA:271,0
DA:288,0
DA:305,0
DA:318,0
DA:319,0
DA:321,0
DA:329,0
DA:338,0
DA:339,0
DA:340,0
DA:344,0
DA:346,0
DA:347,0
DA:348,0
DA:350,0
DA:351,0
DA:353,0
DA:354,0
DA:358,0
DA:359,0
DA:362,0
DA:363,0
DA:364,0
DA:365,0
DA:366,0
DA:370,0
DA:371,0
DA:372,0
DA:375,0
DA:376,0
DA:377,0
DA:384,0
DA:385,0
DA:388,0
DA:394,0
DA:395,0
DA:398,0
DA:399,0
DA:400,0
DA:401,0
DA:404,0
DA:407,0
DA:408,0
DA:413,0
DA:415,0
DA:416,0
DA:420,0
DA:422,0
DA:426,0
DA:427,0
DA:428,0
DA:429,0
DA:430,0
DA:432,0
DA:434,0
DA:437,0
DA:438,0
DA:439,0
DA:443,0
DA:447,0
DA:454,0
DA:456,0
DA:461,0
DA:465,0
DA:467,0
DA:469,0
DA:473,0
DA:474,0
DA:475,0
DA:476,0
DA:477,0
DA:479,0
DA:481,0
DA:484,0
DA:485,0
DA:486,0
DA:491,0
DA:492,0
DA:495,0
DA:505,0
DA:506,0
DA:507,0
DA:509,0
LF:158
LH:11
BRDA:26,0,0,2
BRDA:26,0,1,0
BRDA:31,1,0,2
BRDA:31,1,1,0
BRDA:75,2,0,0
BRDA:87,3,0,0
BRDA:115,4,0,0
BRDA:133,5,0,0
BRDA:146,6,0,0
BRDA:146,7,0,0
BRDA:146,7,1,0
BRDA:153,8,0,0
BRDA:158,9,0,0
BRDA:158,9,1,0
BRDA:167,10,0,0
BRDA:183,11,0,0
BRDA:226,12,0,0
BRDA:226,12,1,0
BRDA:228,13,0,0
BRDA:239,14,0,0
BRDA:316,15,0,0
BRDA:339,16,0,0
BRDA:354,17,0,0
BRDA:354,17,1,0
BRDA:358,18,0,0
BRDA:370,19,0,0
BRDA:370,19,1,0
BRDA:371,20,0,0
BRDA:371,20,1,0
BRDA:376,21,0,0
BRDA:394,22,0,0
BRDA:407,23,0,0
BRDA:407,23,1,0
BRDA:415,24,0,0
BRDA:415,24,1,0
BRDA:415,25,0,0
BRDA:415,25,1,0
BRDA:443,26,0,0
BRDA:443,26,1,0
BRDA:451,27,0,0
BRDA:451,27,1,0
BRDA:456,28,0,0
BRDA:456,28,1,0
BRDA:457,29,0,0
BRDA:457,29,1,0
BRDA:457,29,2,0
BRF:46
BRH:2
end_of_record
TN:
SF:apps\trading-bot\src\services\log.service.ts
FN:17,(anonymous_0)
FN:42,(anonymous_1)
FN:62,(anonymous_2)
FN:69,(anonymous_3)
FN:73,(anonymous_4)
FN:112,(anonymous_5)
FN:127,(anonymous_6)
FN:153,(anonymous_7)
FN:157,(anonymous_8)
FN:161,(anonymous_9)
FN:165,(anonymous_10)
FN:169,(anonymous_11)
FN:173,(anonymous_12)
FN:177,(anonymous_13)
FN:179,(anonymous_14)
FN:180,(anonymous_15)
FNF:16
FNH:0
FNDA:0,(anonymous_0)
FNDA:0,(anonymous_1)
FNDA:0,(anonymous_2)
FNDA:0,(anonymous_3)
FNDA:0,(anonymous_4)
FNDA:0,(anonymous_5)
FNDA:0,(anonymous_6)
FNDA:0,(anonymous_7)
FNDA:0,(anonymous_8)
FNDA:0,(anonymous_9)
FNDA:0,(anonymous_10)
FNDA:0,(anonymous_11)
FNDA:0,(anonymous_12)
FNDA:0,(anonymous_13)
FNDA:0,(anonymous_14)
FNDA:0,(anonymous_15)
DA:1,4
DA:9,4
DA:10,4
DA:11,4
DA:12,4
DA:13,4
DA:14,4
DA:18,0
DA:20,0
DA:21,0
DA:24,0
DA:25,0
DA:26,0
DA:27,0
DA:32,0
DA:33,0
DA:35,0
DA:37,0
DA:38,0
DA:46,0
DA:48,0
DA:49,0
DA:50,0
DA:53,0
DA:54,0
DA:55,0
DA:59,0
DA:62,0
DA:63,0
DA:66,0
DA:70,0
DA:85,0
DA:86,0
DA:92,0
DA:94,0
DA:95,0
DA:96,0
DA:99,0
DA:100,0
DA:104,0
DA:105,0
DA:108,0
DA:114,0
DA:115,0
DA:118,0
DA:121,0
DA:124,0
DA:128,0
DA:129,0
DA:130,0
DA:131,0
DA:135,0
DA:136,0
DA:137,0
DA:139,0
DA:140,0
DA:142,0
DA:148,0
DA:154,0
DA:158,0
DA:162,0
DA:166,0
DA:170,0
DA:174,0
DA:178,0
DA:179,0
DA:180,0
DA:181,0
DA:182,0
LF:69
LH:7
BRDA:18,0,0,0
BRDA:25,1,0,0
BRDA:46,2,0,0
BRDA:46,3,0,0
BRDA:46,3,1,0
BRDA:48,4,0,0
BRDA:53,5,0,0
BRDA:99,6,0,0
BRDA:104,7,0,0
BRDA:129,8,0,0
BRDA:178,9,0,0
BRDA:178,10,0,0
BRDA:178,10,1,0
BRF:13
BRH:0
end_of_record
TN:
SF:apps\trading-bot\src\services\market.service.ts
FN:31,(anonymous_0)
FN:33,(anonymous_1)
FN:40,(anonymous_2)
FN:49,(anonymous_3)
FN:71,(anonymous_4)
FN:121,(anonymous_5)
FN:186,(anonymous_6)
FN:199,(anonymous_7)
FN:207,(anonymous_8)
FN:213,(anonymous_9)
FN:219,(anonymous_10)
FN:223,(anonymous_11)
FN:229,(anonymous_12)
FN:238,(anonymous_13)
FN:245,(anonymous_14)
FNF:15
FNH:8
FNDA:3,(anonymous_0)
FNDA:0,(anonymous_1)
FNDA:21,(anonymous_2)
FNDA:0,(anonymous_3)
FNDA:31,(anonymous_4)
FNDA:26,(anonymous_5)
FNDA:26,(anonymous_6)
FNDA:0,(anonymous_7)
FNDA:0,(anonymous_8)
FNDA:0,(anonymous_9)
FNDA:0,(anonymous_10)
FNDA:0,(anonymous_11)
FNDA:25,(anonymous_12)
FNDA:41,(anonymous_13)
FNDA:7,(anonymous_14)
DA:1,3
DA:16,3
DA:17,3
DA:18,3
DA:19,3
DA:20,3
DA:21,3
DA:22,3
DA:23,3
DA:24,3
DA:25,3
DA:26,3
DA:27,3
DA:28,3
DA:32,3
DA:33,3
DA:34,0
DA:41,21
DA:42,3
DA:43,3
DA:45,21
DA:46,21
DA:50,0
DA:51,0
DA:52,0
DA:55,0
DA:56,0
DA:57,0
DA:60,0
DA:61,0
DA:66,0
DA:67,0
DA:77,31
DA:80,31
DA:81,31
DA:82,3
DA:83,3
DA:84,3
DA:87,0
DA:92,28
DA:93,28
DA:95,2
DA:96,2
DA:97,2
DA:101,26
DA:103,26
DA:106,26
DA:111,26
DA:112,26
DA:113,23
DA:116,25
DA:117,25
DA:128,26
DA:129,26
DA:131,26
DA:132,35
DA:133,35
DA:137,35
DA:139,25
DA:140,2
DA:141,1
DA:142,1
DA:143,1
DA:144,1
DA:145,1
DA:147,1
DA:150,23
DA:151,23
DA:154,23
DA:155,17
DA:163,23
DA:166,10
DA:167,10
DA:169,10
DA:170,2
DA:171,2
DA:174,8
DA:175,8
DA:176,8
DA:178,8
DA:179,8
DA:183,2
DA:187,26
DA:190,26
DA:191,37
DA:192,1
DA:197,26
DA:198,0
DA:201,0
DA:202,0
DA:203,0
DA:206,0
DA:207,0
DA:208,0
DA:215,0
DA:217,0
DA:218,0
DA:219,0
DA:222,0
DA:223,0
DA:224,0
DA:230,25
DA:231,25
DA:232,0
DA:233,0
DA:239,41
DA:240,41
DA:241,41
DA:246,7
LF:109
LH:81
BRDA:32,0,0,3
BRDA:41,1,0,3
BRDA:55,2,0,0
BRDA:60,3,0,0
BRDA:66,4,0,0
BRDA:74,5,0,1
BRDA:77,6,0,31
BRDA:77,6,1,30
BRDA:81,7,0,3
BRDA:81,8,0,31
BRDA:81,8,1,3
BRDA:93,9,0,2
BRDA:93,10,0,28
BRDA:93,10,1,2
BRDA:135,11,0,1
BRDA:135,11,1,34
BRDA:139,12,0,2
BRDA:140,13,0,1
BRDA:142,14,0,1
BRDA:142,14,1,0
BRDA:154,15,0,17
BRDA:154,16,0,23
BRDA:154,16,1,18
BRDA:169,17,0,2
BRDA:191,18,0,1
BRDA:197,19,0,0
BRDA:217,20,0,0
BRDA:232,21,0,0
BRF:28
BRH:21
end_of_record
TN:
SF:apps\trading-bot\src\services\trade.service.ts
FN:24,(anonymous_0)
FN:119,(anonymous_1)
FN:158,(anonymous_2)
FN:167,(anonymous_3)
FN:212,(anonymous_4)
FNF:5
FNH:5
FNDA:7,(anonymous_0)
FNDA:4,(anonymous_1)
FNDA:4,(anonymous_2)
FNDA:1,(anonymous_3)
FNDA:2,(anonymous_4)
DA:2,3
DA:12,3
DA:13,3
DA:18,3
DA:28,7
DA:31,7
DA:32,7
DA:33,7
DA:34,1
DA:37,1
DA:44,7
DA:45,7
DA:46,7
DA:47,7
DA:48,7
DA:51,7
DA:52,7
DA:55,7
DA:58,7
DA:61,7
DA:64,7
DA:68,7
DA:69,1
DA:72,1
DA:75,6
DA:76,0
DA:79,0
DA:82,6
DA:83,1
DA:86,1
DA:89,5
DA:93,5
DA:94,5
DA:101,4
DA:105,4
DA:107,1
DA:110,1
DA:121,4
DA:122,4
DA:124,1
DA:126,4
DA:128,4
DA:134,4
DA:139,4
DA:140,1
DA:145,1
DA:147,3
DA:150,3
DA:151,3
DA:153,1
DA:154,1
DA:159,4
DA:160,4
DA:163,4
DA:166,4
DA:167,4
DA:168,1
DA:171,4
DA:172,1
DA:176,1
DA:179,1
DA:180,1
DA:181,1
DA:182,1
DA:186,0
DA:193,4
DA:198,4
DA:199,1
DA:201,3
DA:204,0
DA:205,0
DA:209,0
DA:213,2
DA:214,2
DA:215,1
DA:216,1
DA:218,1
LF:77
LH:71
BRDA:33,0,0,1
BRDA:33,1,0,7
BRDA:33,1,1,7
BRDA:46,2,0,7
BRDA:46,2,1,0
BRDA:47,3,0,7
BRDA:47,3,1,0
BRDA:68,4,0,1
BRDA:68,5,0,7
BRDA:68,5,1,7
BRDA:75,6,0,0
BRDA:82,7,0,1
BRDA:82,8,0,6
BRDA:82,8,1,5
BRDA:90,9,0,5
BRDA:90,9,1,0
BRDA:90,10,0,5
BRDA:90,10,1,0
BRDA:108,11,0,1
BRDA:108,11,1,0
BRDA:139,12,0,1
BRDA:139,13,0,4
BRDA:139,13,1,3
BRDA:139,13,2,3
BRDA:168,14,0,1
BRDA:168,14,1,0
BRDA:171,15,0,1
BRDA:179,16,0,1
BRDA:179,17,0,1
BRDA:179,17,1,1
BRDA:198,18,0,1
BRDA:198,18,1,3
BRDA:206,19,0,0
BRDA:206,19,1,0
BRF:34
BRH:25
end_of_record
TN:
SF:apps\trading-bot\src\strategies\strategy-manager.ts
FN:6,(anonymous_0)
FN:10,(anonymous_1)
FN:14,(anonymous_2)
FNF:3
FNH:3
FNDA:9,(anonymous_0)
FNDA:3,(anonymous_1)
FNDA:8,(anonymous_2)
DA:3,3
DA:7,9
DA:11,3
DA:22,8
LF:4
LH:4
BRF:0
BRH:0
end_of_record
TN:
SF:apps\trading-bot\src\strategies\btc-spot\btc-spot-strategy.ts
FN:22,(anonymous_0)
FN:44,(anonymous_1)
FN:45,(anonymous_2)
FN:46,(anonymous_3)
FN:47,(anonymous_4)
FN:126,(anonymous_5)
FN:243,(anonymous_6)
FN:266,(anonymous_7)
FN:276,(anonymous_8)
FN:282,(anonymous_9)
FN:300,(anonymous_10)
FN:306,(anonymous_11)
FNF:12
FNH:11
FNDA:30,(anonymous_0)
FNDA:5450,(anonymous_1)
FNDA:5450,(anonymous_2)
FNDA:5450,(anonymous_3)
FNDA:5450,(anonymous_4)
FNDA:0,(anonymous_5)
FNDA:2,(anonymous_6)
FNDA:84,(anonymous_7)
FNDA:4,(anonymous_8)
FNDA:60,(anonymous_9)
FNDA:4,(anonymous_10)
FNDA:60,(anonymous_11)
DA:1,3
DA:2,3
DA:4,3
DA:8,3
DA:21,3
DA:31,30
DA:32,2
DA:42,28
DA:43,28
DA:44,5450
DA:45,5450
DA:46,5450
DA:47,5450
DA:50,28
DA:51,28
DA:52,28
DA:54,28
DA:57,28
DA:59,2
DA:70,26
DA:71,26
DA:72,2
DA:83,24
DA:84,24
DA:85,24
DA:96,0
DA:97,0
DA:98,0
DA:109,0
DA:110,0
DA:111,0
DA:112,0
DA:113,0
DA:114,0
DA:115,0
DA:116,0
DA:117,0
DA:118,0
DA:119,0
DA:120,0
DA:121,0
DA:122,0
DA:123,0
DA:126,0
DA:127,0
DA:130,0
DA:131,0
DA:134,0
DA:135,0
DA:138,0
DA:139,0
DA:142,0
DA:145,0
DA:148,0
DA:150,0
DA:153,0
DA:156,0
DA:159,0
DA:160,0
DA:163,0
DA:166,0
DA:167,0
DA:171,0
DA:174,0
DA:175,0
DA:178,0
DA:183,0
DA:184,0
DA:185,0
DA:186,0
DA:190,0
DA:191,0
DA:192,0
DA:196,0
DA:201,0
DA:202,0
DA:203,0
DA:207,0
DA:208,0
DA:211,0
DA:212,0
DA:213,0
DA:214,0
DA:216,0
DA:230,0
DA:244,2
DA:245,1
DA:248,1
DA:250,1
DA:251,19
DA:252,19
DA:254,19
DA:260,19
DA:264,1
DA:265,1
DA:266,84
DA:267,6
DA:270,1
DA:277,4
DA:278,1
DA:281,3
DA:282,60
DA:285,3
DA:288,3
DA:290,3
DA:291,2
DA:294,1
DA:301,4
DA:302,1
DA:305,3
DA:306,60
DA:309,3
DA:312,3
DA:313,3
DA:314,1
DA:317,2
LF:116
LH:56
BRDA:31,0,0,2
BRDA:54,1,0,26
BRDA:54,1,1,2
BRDA:57,2,0,2
BRDA:57,3,0,28
BRDA:57,3,1,27
BRDA:57,3,2,27
BRDA:57,3,3,27
BRDA:57,3,4,26
BRDA:57,3,5,26
BRDA:71,4,0,2
BRDA:71,5,0,26
BRDA:71,5,1,25
BRDA:84,6,0,24
BRDA:84,7,0,24
BRDA:84,7,1,0
BRDA:84,7,2,0
BRDA:84,7,3,0
BRDA:84,7,4,0
BRDA:84,7,5,0
BRDA:97,8,0,0
BRDA:97,9,0,0
BRDA:97,9,1,0
BRDA:112,10,0,0
BRDA:112,10,1,0
BRDA:112,11,0,0
BRDA:112,11,1,0
BRDA:138,12,0,0
BRDA:138,12,1,0
BRDA:139,13,0,0
BRDA:142,14,0,0
BRDA:142,14,1,0
BRDA:143,15,0,0
BRDA:143,15,1,0
BRDA:144,16,0,0
BRDA:144,16,1,0
BRDA:145,17,0,0
BRDA:148,18,0,0
BRDA:148,18,1,0
BRDA:148,18,2,0
BRDA:148,18,3,0
BRDA:150,19,0,0
BRDA:153,20,0,0
BRDA:153,20,1,0
BRDA:153,20,2,0
BRDA:153,20,3,0
BRDA:153,20,4,0
BRDA:153,20,5,0
BRDA:156,21,0,0
BRDA:160,22,0,0
BRDA:163,23,0,0
BRDA:163,23,1,0
BRDA:167,24,0,0
BRDA:171,25,0,0
BRDA:171,26,0,0
BRDA:171,26,1,0
BRDA:178,27,0,0
BRDA:178,27,1,0
BRDA:178,28,0,0
BRDA:178,28,1,0
BRDA:185,29,0,0
BRDA:191,30,0,0
BRDA:196,31,0,0
BRDA:196,31,1,0
BRDA:196,32,0,0
BRDA:196,32,1,0
BRDA:202,33,0,0
BRDA:207,34,0,0
BRDA:213,35,0,0
BRDA:213,35,1,0
BRDA:213,36,0,0
BRDA:213,36,1,0
BRDA:244,37,0,1
BRDA:276,38,0,0
BRDA:277,39,0,1
BRDA:290,40,0,2
BRDA:290,41,0,3
BRDA:290,41,1,3
BRDA:300,42,0,0
BRDA:301,43,0,1
BRDA:313,44,0,1
BRDA:313,45,0,3
BRDA:313,45,1,2
BRF:83
BRH:24
end_of_record
TN:
SF:apps\trading-bot\src\strategies\macdSMA\macdEma.ts
FN:15,(anonymous_0)
FN:37,(anonymous_1)
FN:56,(anonymous_2)
FN:73,(anonymous_3)
FN:75,(anonymous_4)
FN:79,(anonymous_5)
FN:81,(anonymous_6)
FNF:7
FNH:7
FNDA:10,(anonymous_0)
FNDA:2106,(anonymous_1)
FNDA:2106,(anonymous_2)
FNDA:2106,(anonymous_3)
FNDA:2106,(anonymous_4)
FNDA:2106,(anonymous_5)
FNDA:180,(anonymous_6)
DA:1,1
DA:8,1
DA:10,1
DA:11,1
DA:12,1
DA:14,1
DA:24,10
DA:25,1
DA:35,9
DA:36,9
DA:37,2106
DA:44,9
DA:45,0
DA:55,9
DA:56,2106
DA:61,9
DA:62,0
DA:72,9
DA:73,2106
DA:74,9
DA:75,2106
DA:79,2106
DA:81,180
DA:82,9
DA:91,0
DA:92,0
DA:93,0
DA:94,0
DA:95,0
DA:96,0
DA:105,9
DA:113,1
DA:123,8
LF:33
LH:25
BRDA:24,0,0,1
BRDA:44,1,0,0
BRDA:44,2,0,9
BRDA:44,2,1,9
BRDA:44,2,2,9
BRDA:44,2,3,9
BRDA:44,2,4,9
BRDA:44,2,5,9
BRDA:61,3,0,0
BRDA:61,4,0,9
BRDA:61,4,1,9
BRDA:82,5,0,0
BRDA:83,6,0,9
BRDA:83,6,1,1
BRDA:83,6,2,1
BRDA:83,6,3,1
BRDA:83,6,4,0
BRDA:83,6,5,0
BRDA:83,6,6,0
BRDA:105,7,0,1
BRDA:106,8,0,9
BRDA:106,8,1,7
BRDA:106,8,2,9
BRDA:106,8,3,7
BRDA:106,8,4,7
BRDA:106,8,5,0
BRDA:106,8,6,9
BRF:27
BRH:20
end_of_record
TN:
SF:apps\trading-bot\src\strategies\rsi\rsi-strategy.ts
FN:10,(anonymous_0)
FN:32,(anonymous_1)
FNF:2
FNH:2
FNDA:7,(anonymous_0)
FNDA:189,(anonymous_1)
DA:1,1
DA:2,1
DA:4,1
DA:7,1
DA:9,1
DA:19,7
DA:20,1
DA:30,6
DA:31,6
DA:32,189
DA:37,6
DA:38,1
DA:48,5
DA:49,0
DA:60,5
LF:15
LH:14
BRDA:19,0,0,1
BRDA:37,1,0,1
BRDA:37,2,0,6
BRDA:37,2,1,6
BRDA:48,3,0,0
BRDA:48,4,0,5
BRDA:48,4,1,3
BRF:7
BRH:6
end_of_record
TN:
SF:apps\trading-bot\src\strategies\supertrend\supertrend-strategy.ts
FN:11,(anonymous_0)
FN:116,(anonymous_1)
FN:137,(anonymous_2)
FN:141,(anonymous_3)
FNF:4
FNH:4
FNDA:10,(anonymous_0)
FNDA:7,(anonymous_1)
FNDA:2,(anonymous_2)
FNDA:8,(anonymous_3)
DA:1,1
DA:2,1
DA:3,1
DA:5,1
DA:8,1
DA:10,1
DA:20,10
DA:21,4
DA:31,6
DA:38,6
DA:39,2
DA:49,4
DA:50,4
DA:52,4
DA:53,4
DA:56,4
DA:58,1
DA:68,3
DA:69,3
DA:74,3
DA:75,3
DA:76,3
DA:78,3
DA:82,2
DA:92,1
DA:96,1
DA:107,0
DA:120,7
DA:121,7
DA:122,117
DA:123,117
DA:129,2
DA:132,7
DA:133,7
DA:134,6
DA:136,1
DA:137,2
DA:146,8
DA:147,8
LF:39
LH:38
BRDA:20,0,0,4
BRDA:38,1,0,2
BRDA:38,2,0,6
BRDA:38,2,1,5
BRDA:56,3,0,1
BRDA:56,4,0,4
BRDA:56,4,1,4
BRDA:56,4,2,4
BRDA:56,4,3,3
BRDA:78,5,0,2
BRDA:78,5,1,1
BRDA:79,6,0,3
BRDA:79,6,1,2
BRDA:92,7,0,1
BRDA:93,8,0,1
BRDA:93,8,1,1
BRDA:118,9,0,5
BRDA:123,10,0,2
BRDA:124,11,0,117
BRDA:124,11,1,19
BRDA:124,11,2,19
BRDA:124,11,3,7
BRDA:133,12,0,6
BRDA:144,13,0,3
BRF:24
BRH:24
end_of_record
TN:
SF:apps\trading-bot\src\strategies\trendline-breakout\trendline-breakout-strategy.ts
FN:26,(anonymous_0)
FN:32,(anonymous_1)
FN:52,(anonymous_2)
FN:53,(anonymous_3)
FN:54,(anonymous_4)
FN:179,(anonymous_5)
FN:204,(anonymous_6)
FN:229,(anonymous_7)
FN:235,(anonymous_8)
FN:246,(anonymous_9)
FN:247,(anonymous_10)
FN:254,(anonymous_11)
FN:257,(anonymous_12)
FN:258,(anonymous_13)
FN:259,(anonymous_14)
FN:260,(anonymous_15)
FN:273,(anonymous_16)
FN:348,(anonymous_17)
FN:371,(anonymous_18)
FNF:19
FNH:19
FNDA:20,(anonymous_0)
FNDA:14,(anonymous_1)
FNDA:580,(anonymous_2)
FNDA:580,(anonymous_3)
FNDA:580,(anonymous_4)
FNDA:13,(anonymous_5)
FNDA:13,(anonymous_6)
FNDA:580,(anonymous_7)
FNDA:26491,(anonymous_8)
FNDA:329,(anonymous_9)
FNDA:329,(anonymous_10)
FNDA:465,(anonymous_11)
FNDA:465,(anonymous_12)
FNDA:465,(anonymous_13)
FNDA:465,(anonymous_14)
FNDA:465,(anonymous_15)
FNDA:13,(anonymous_16)
FNDA:520,(anonymous_17)
FNDA:269924,(anonymous_18)
DA:1,1
DA:2,1
DA:4,1
DA:7,1
DA:21,1
DA:22,20
DA:23,20
DA:24,20
DA:27,20
DA:28,20
DA:29,20
DA:41,14
DA:42,1
DA:52,580
DA:53,580
DA:54,580
DA:55,13
DA:56,13
DA:59,13
DA:60,13
DA:64,13
DA:67,13
DA:68,13
DA:69,13
DA:70,13
DA:73,13
DA:74,13
DA:75,13
DA:76,13
DA:83,13
DA:84,13
DA:85,13
DA:86,13
DA:91,13
DA:92,13
DA:93,13
DA:94,13
DA:97,13
DA:98,0
DA:101,13
DA:105,13
DA:106,0
DA:109,13
DA:113,13
DA:114,0
DA:116,13
DA:120,13
DA:121,0
DA:123,13
DA:129,13
DA:130,13
DA:133,13
DA:135,0
DA:136,0
DA:139,0
DA:140,0
DA:141,0
DA:144,0
DA:145,0
DA:147,0
DA:148,0
DA:149,0
DA:150,0
DA:152,0
DA:166,13
DA:180,13
DA:182,13
DA:183,204
DA:184,204
DA:187,204
DA:188,243
DA:189,201
DA:190,201
DA:194,204
DA:198,13
DA:205,13
DA:207,13
DA:208,204
DA:209,204
DA:212,204
DA:213,243
DA:214,201
DA:215,201
DA:219,204
DA:223,13
DA:235,26491
DA:237,580
DA:239,520
DA:240,520
DA:241,520
DA:245,30
DA:246,329
DA:247,329
DA:248,30
DA:249,30
DA:253,30
DA:254,465
DA:255,30
DA:257,465
DA:258,465
DA:259,465
DA:260,465
DA:262,30
DA:263,30
DA:266,0
DA:286,13
DA:287,13
DA:288,13
DA:289,13
DA:290,13
DA:291,13
DA:293,13
DA:294,580
DA:295,580
DA:298,580
DA:306,580
DA:308,3
DA:309,3
DA:310,3
DA:313,577
DA:314,564
DA:315,564
DA:318,13
DA:319,13
DA:324,580
DA:326,3
DA:327,3
DA:328,3
DA:331,577
DA:332,564
DA:333,564
DA:336,13
DA:337,13
DA:342,13
DA:349,520
DA:350,160
DA:353,360
DA:355,360
DA:356,23941
DA:357,23941
DA:359,23941
DA:365,23941
DA:369,360
DA:370,360
DA:371,269924
DA:372,19081
DA:375,360
LF:147
LH:130
BRDA:26,0,0,15
BRDA:26,1,0,15
BRDA:26,2,0,15
BRDA:41,3,0,1
BRDA:69,4,0,13
BRDA:69,4,1,0
BRDA:70,5,0,13
BRDA:70,5,1,0
BRDA:73,6,0,13
BRDA:73,6,1,13
BRDA:74,7,0,13
BRDA:74,7,1,13
BRDA:75,8,0,13
BRDA:75,8,1,13
BRDA:76,9,0,13
BRDA:76,9,1,13
BRDA:97,10,0,0
BRDA:97,10,1,13
BRDA:101,11,0,9
BRDA:101,11,1,4
BRDA:105,12,0,0
BRDA:105,12,1,13
BRDA:109,13,0,3
BRDA:109,13,1,10
BRDA:113,14,0,0
BRDA:113,14,1,13
BRDA:116,15,0,9
BRDA:116,15,1,4
BRDA:120,16,0,0
BRDA:120,16,1,13
BRDA:123,17,0,3
BRDA:123,17,1,10
BRDA:133,18,0,0
BRDA:136,19,0,0
BRDA:136,19,1,0
BRDA:149,20,0,0
BRDA:149,20,1,0
BRDA:149,21,0,0
BRDA:149,21,1,0
BRDA:188,22,0,201
BRDA:188,23,0,243
BRDA:188,23,1,133
BRDA:194,24,0,3
BRDA:194,24,1,201
BRDA:213,25,0,201
BRDA:213,26,0,243
BRDA:213,26,1,149
BRDA:219,27,0,3
BRDA:219,27,1,201
BRDA:237,28,0,520
BRDA:237,28,1,30
BRDA:237,28,2,30
BRDA:237,28,3,0
BRDA:240,29,0,360
BRDA:240,29,1,160
BRDA:306,30,0,3
BRDA:306,30,1,577
BRDA:313,31,0,564
BRDA:313,31,1,13
BRDA:324,32,0,3
BRDA:324,32,1,577
BRDA:331,33,0,564
BRDA:331,33,1,13
BRDA:349,34,0,160
BRF:64
BRH:50
end_of_record
TN:
SF:apps\trading-bot\src\utils\memory-monitor.ts
FN:10,(anonymous_0)
FN:12,(anonymous_1)
FN:19,(anonymous_2)
FN:24,(anonymous_3)
FN:31,(anonymous_4)
FN:39,(anonymous_5)
FN:67,(anonymous_6)
FN:79,(anonymous_7)
FNF:8
FNH:8
FNDA:12,(anonymous_0)
FNDA:14,(anonymous_1)
FNDA:10,(anonymous_2)
FNDA:5,(anonymous_3)
FNDA:14,(anonymous_4)
FNDA:5,(anonymous_5)
FNDA:3,(anonymous_6)
FNDA:2,(anonymous_7)
DA:1,1
DA:3,1
DA:5,12
DA:6,12
DA:7,12
DA:8,12
DA:13,14
DA:14,12
DA:16,14
DA:20,10
DA:21,2
DA:24,8
DA:25,5
DA:28,8
DA:32,14
DA:33,8
DA:34,8
DA:35,8
DA:40,5
DA:41,5
DA:42,5
DA:45,5
DA:52,5
DA:53,1
DA:58,1
DA:59,4
DA:60,2
DA:63,2
DA:68,3
DA:69,1
DA:70,1
DA:71,1
DA:72,1
DA:73,1
DA:86,2
DA:87,2
LF:36
LH:36
BRDA:13,0,0,12
BRDA:20,1,0,2
BRDA:32,2,0,8
BRDA:52,3,0,1
BRDA:52,3,1,4
BRDA:59,4,0,2
BRDA:68,5,0,1
BRF:7
BRH:7
end_of_record
