TN:
SF:src\core\utils.ts
FN:3,convertStringToNumbers
FN:4,(anonymous_1)
FNF:2
FNH:2
FNDA:2,convertStringToNumbers
FNDA:1,(anonymous_1)
DA:3,1
DA:4,2
DA:18,1
DA:20,1
DA:34,1
LF:5
LH:5
BRF:0
BRH:0
end_of_record
TN:
SF:src\models\operation.enum.ts
FNF:0
FNH:0
DA:1,1
LF:1
LH:1
BRF:0
BRH:0
end_of_record
TN:
SF:src\services\binance-api.service.ts
FN:17,(anonymous_10)
FN:28,(anonymous_11)
FN:45,(anonymous_12)
FN:60,(anonymous_13)
FN:64,(anonymous_14)
FN:68,(anonymous_15)
FN:84,(anonymous_16)
FNF:7
FNH:7
FNDA:1,(anonymous_10)
FNDA:3,(anonymous_11)
FNDA:3,(anonymous_12)
FNDA:1,(anonymous_13)
FNDA:1,(anonymous_14)
FNDA:1,(anonymous_15)
FNDA:2,(anonymous_16)
DA:1,1
DA:2,1
DA:4,1
DA:6,1
DA:7,1
DA:18,1
DA:33,3
DA:34,1
DA:36,2
DA:50,3
DA:51,2
DA:53,1
DA:61,1
DA:65,1
DA:72,1
DA:89,2
DA:90,2
DA:91,1
DA:93,1
DA:95,1
LF:20
LH:20
BRDA:33,0,0,1
BRDA:50,1,0,2
BRDA:90,2,0,1
BRDA:90,2,1,1
BRF:4
BRH:4
end_of_record
TN:
SF:src\strategies\supertrend\supertrend-strategy.ts
FN:6,(anonymous_0)
FNF:1
FNH:1
FNDA:4,(anonymous_0)
DA:2,1
DA:5,1
DA:7,4
DA:8,4
DA:10,4
DA:11,4
DA:13,4
DA:17,1
DA:18,3
DA:22,1
DA:24,2
LF:11
LH:11
BRDA:13,0,0,1
BRDA:13,0,1,3
BRDA:14,1,0,4
BRDA:14,1,1,2
BRDA:18,2,0,1
BRDA:19,3,0,3
BRDA:19,3,1,2
BRF:7
BRH:7
end_of_record
